#
# A fatal error has been detected by the Java Runtime Environment:
#
#  EXCEPTION_ACCESS_VIOLATION (0xc0000005) at pc=0x00007ff9a967e565, pid=18704, tid=16396
#
# JRE version: OpenJDK Runtime Environment (16.0.2+7) (build 16.0.2+7-67)
# Java VM: OpenJDK 64-Bit Server VM (16.0.2+7-67, mixed mode, tiered, compressed oops, compressed class ptrs, g1 gc, windows-amd64)
# Problematic frame:
# V  [jvm.dll+0x60e565]
#
# No core dump will be written. Minidumps are not enabled by default on client versions of Windows
#
# If you would like to submit a bug report, please visit:
#   https://bugreport.java.com/bugreport/crash.jsp
#

---------------  S U M M A R Y ------------

Command Line: -XX:+ShowCodeDetailsInExceptionMessages -agentlib:jdwp=transport=dt_socket,suspend=y,address=localhost:54948 -javaagent:C:\Aplicaciones\eclipse-java-2021-09-R-win32-x86_64\eclipse\configuration\org.eclipse.osgi\222\0\.cp\lib\javaagent-shaded.jar -Dfile.encoding=Cp1252 com.java.basic.loops

Host: Intel(R) Core(TM) i7-10750H CPU @ 2.60GHz, 12 cores, 7G,  Windows 10 , 64 bit Build 19041 (10.0.19041.1320)
Time: Thu Nov  4 21:31:49 2021 Hora est. Pacífico, Sudamérica elapsed time: 2320.551886 seconds (0d 0h 38m 40s)

---------------  T H R E A D  ---------------

Current thread (0x000001207ccdb560):  VMThread "VM Thread" [stack: 0x0000001e99100000,0x0000001e99200000] [id=16396]

Stack: [0x0000001e99100000,0x0000001e99200000],  sp=0x0000001e991ff388,  free space=1020k
Native frames: (J=compiled Java code, j=interpreted, Vv=VM code, C=native code)
V  [jvm.dll+0x60e565]


siginfo: EXCEPTION_ACCESS_VIOLATION (0xc0000005), reading address 0x00007ff9ca9449d8


Register to memory mapping:

RIP=0x00007ff9a967e565 jvm.dll
RAX=0x00007ff9ca944970 is an unknown value
RBX=0x0 is NULL
RCX=0x000001207e83a280 is pointing into metadata
RDX=0x000001206fb71a01 points into unknown readable memory: ff ff ff ff ff ff ff
RSP=0x0000001e991ff388 points into unknown readable memory: 0x00007ff9a97eb25a | 5a b2 7e a9 f9 7f 00 00
RBP=0x00007ff9a967e560 jvm.dll
RSI=0x000001206fb71a70 is a thread
RDI=0x0 is NULL
R8 =0x000001206fa40f01 points into unknown readable memory: 00 00 00 00 00 00 00
R9 =0x000000007ffee000 points into unknown readable memory: 0x00000000546c6148 | 48 61 6c 54 00 00 00 00
R10=0x00000000546c6148 is an unknown value
R11=0x000002fcf0b35e16 is an unknown value
R12=0x00007ff9a9913010 jvm.dll
R13=0x00007ff9a9b80980 jvm.dll
R14=0x000001207ccd3518 points into unknown readable memory: 0x101c70aeb99da82e | 2e a8 9d b9 ae 70 1c 10
R15=0x00000000000003d8 is an unknown value


Registers:
RAX=0x00007ff9ca944970, RBX=0x0000000000000000, RCX=0x000001207e83a280, RDX=0x000001206fb71a01
RSP=0x0000001e991ff388, RBP=0x00007ff9a967e560, RSI=0x000001206fb71a70, RDI=0x0000000000000000
R8 =0x000001206fa40f01, R9 =0x000000007ffee000, R10=0x00000000546c6148, R11=0x000002fcf0b35e16
R12=0x00007ff9a9913010, R13=0x00007ff9a9b80980, R14=0x000001207ccd3518, R15=0x00000000000003d8
RIP=0x00007ff9a967e565, EFLAGS=0x0000000000010202

Top of Stack: (sp=0x0000001e991ff388)
0x0000001e991ff388:   00007ff9a97eb25a 0000000000000008
0x0000001e991ff398:   00007ffa17775ba1 0000000000000000
0x0000001e991ff3a8:   000000000000001c 000001207e184538
0x0000001e991ff3b8:   00007ff9a97f094b 000001207e1844c0
0x0000001e991ff3c8:   0000001e991ff410 000001207ccd3140
0x0000001e991ff3d8:   00007ffa00000171 0000001e991ff510
0x0000001e991ff3e8:   00007ff9a97ed55f 0000000000000001
0x0000001e991ff3f8:   000001207ccd3140 0000000000000001
0x0000001e991ff408:   00007ff9a9118706 00007ff9a99bac80
0x0000001e991ff418:   00007ff9a967e560 0000000000000000
0x0000001e991ff428:   00007ff9a967e405 00007ff9a99df868
0x0000001e991ff438:   000001206fb8f810 000001206fbc7f50
0x0000001e991ff448:   000001206fbc7f80 000001207ccd3130
0x0000001e991ff458:   00007ff9a959567e 000001206fbc7f50
0x0000001e991ff468:   0000001e99cff3a0 000001207ccdb560
0x0000001e991ff478:   0000000000000000 0000000000000000 

Instructions: (pc=0x00007ff9a967e565)
0x00007ff9a967e465:   cc cc cc cc cc cc cc cc cc cc cc 48 89 5c 24 18
0x00007ff9a967e475:   55 48 83 ec 20 48 8b 1d ff d2 4d 00 48 85 db 74
0x00007ff9a967e485:   17 48 8b 05 e3 d2 4d 00 48 89 83 08 02 00 00 48
0x00007ff9a967e495:   89 1d d5 d2 4d 00 eb 07 48 8b 1d cc d2 4d 00 33
0x00007ff9a967e4a5:   ed 48 89 2d d3 d2 4d 00 48 85 db 74 7e 48 89 74
0x00007ff9a967e4b5:   24 30 48 89 7c 24 38 0f 1f 40 00 48 8b b3 00 02
0x00007ff9a967e4c5:   00 00 48 8b fd 48 2b f3 48 c1 ee 03 48 85 f6 74
0x00007ff9a967e4d5:   1e 66 66 0f 1f 84 00 00 00 00 00 48 8b 0c fb 33
0x00007ff9a967e4e5:   d2 48 8b 01 ff 50 68 48 ff c7 48 3b fe 72 ec 48
0x00007ff9a967e4f5:   8b 8b 08 02 00 00 48 89 ab 08 02 00 00 48 89 9b
0x00007ff9a967e505:   00 02 00 00 48 8b 05 68 d2 4d 00 48 89 83 10 02
0x00007ff9a967e515:   00 00 48 89 1d 5a d2 4d 00 48 8b d9 48 85 c9 75
0x00007ff9a967e525:   9a 48 8b 7c 24 38 48 8b 74 24 30 48 8b 5c 24 40
0x00007ff9a967e535:   48 89 2d 34 d2 4d 00 48 83 c4 20 5d c3 cc cc cc
0x00007ff9a967e545:   cc cc cc cc cc cc cc cc cc cc cc 48 8b 02 48 8b
0x00007ff9a967e555:   ca b2 01 48 ff 60 68 cc cc cc cc 48 8b 01 b2 01
0x00007ff9a967e565:   48 ff 60 68 cc cc cc cc cc cc cc 40 53 48 83 ec
0x00007ff9a967e575:   20 48 8b 15 03 d2 4d 00 48 8b d9 48 85 d2 74 21
0x00007ff9a967e585:   48 8d 82 00 02 00 00 48 39 00 75 72 48 8b 05 d8
0x00007ff9a967e595:   d1 4d 00 48 89 82 08 02 00 00 48 89 15 ca d1 4d
0x00007ff9a967e5a5:   00 48 8b 15 cb d1 4d 00 48 85 d2 74 10 48 8b 82
0x00007ff9a967e5b5:   10 02 00 00 48 89 05 b8 d1 4d 00 eb 3a 45 33 c0
0x00007ff9a967e5c5:   b9 18 02 00 00 41 8d 50 08 e8 ad a0 a9 ff 48 8b
0x00007ff9a967e5d5:   d0 48 85 c0 74 1f 48 89 80 00 02 00 00 48 c7 80
0x00007ff9a967e5e5:   08 02 00 00 00 00 00 00 48 c7 80 10 02 00 00 00
0x00007ff9a967e5f5:   00 00 00 eb 02 33 d2 48 89 15 7d d1 4d 00 48 8b
0x00007ff9a967e605:   82 00 02 00 00 48 89 18 48 83 82 00 02 00 00 08
0x00007ff9a967e615:   48 83 c4 20 5b c3 cc cc cc cc cc 48 89 4c 24 08
0x00007ff9a967e625:   48 89 54 24 10 4c 89 44 24 18 4c 89 4c 24 20 48
0x00007ff9a967e635:   83 ec 28 4c 8b c1 4c 8d 4c 24 38 48 8d 0d 59 d1
0x00007ff9a967e645:   4d 00 ba 01 00 00 00 e8 ff 1d f5 ff 48 83 c4 28
0x00007ff9a967e655:   c3 cc cc cc cc cc cc cc cc cc cc 40 55 56 41 54 


Stack slot to memory mapping:
stack at sp + 0 slots: 0x00007ff9a97eb25a jvm.dll
stack at sp + 1 slots: 0x0000000000000008 is an unknown value
stack at sp + 2 slots: 0x00007ffa17775ba1 ntdll.dll
stack at sp + 3 slots: 0x0 is NULL
stack at sp + 4 slots: 0x000000000000001c is an unknown value
stack at sp + 5 slots: 0x000001207e184538 points into unknown readable memory: 0x0000000000000000 | 00 00 00 00 00 00 00 00
stack at sp + 6 slots: 0x00007ff9a97f094b jvm.dll
stack at sp + 7 slots: 0x000001207e1844c0 points into unknown readable memory: 0x000001206fb71a70 | 70 1a b7 6f 20 01 00 00

VM_Operation (0x0000001e99cff3a0): RedefineClasses, mode: safepoint, requested by thread 0x000001207da81550


---------------  P R O C E S S  ---------------

Threads class SMR info:
_java_thread_list=0x000001207e1ca760, length=15, elements={
0x000001206fb71a70, 0x000001207ccf4250, 0x000001207ccf55f0, 0x000001207cd1d6f0,
0x000001207cd1e2f0, 0x000001207d808810, 0x000001207d8098c0, 0x000001207d80e250,
0x000001207d820860, 0x000001207d823660, 0x000001207d945000, 0x000001207da81550,
0x000001207daa2fe0, 0x000001207daa5720, 0x000001207e0dcfd0
}

Java Threads: ( => current thread )
  0x000001206fb71a70 JavaThread "main" [_thread_blocked, id=3700, stack(0x0000001e98b00000,0x0000001e98c00000)]
  0x000001207ccf4250 JavaThread "Reference Handler" daemon [_thread_blocked, id=21984, stack(0x0000001e99200000,0x0000001e99300000)]
  0x000001207ccf55f0 JavaThread "Finalizer" daemon [_thread_blocked, id=2708, stack(0x0000001e99300000,0x0000001e99400000)]
  0x000001207cd1d6f0 JavaThread "Signal Dispatcher" daemon [_thread_blocked, id=3328, stack(0x0000001e99400000,0x0000001e99500000)]
  0x000001207cd1e2f0 JavaThread "Attach Listener" daemon [_thread_blocked, id=19312, stack(0x0000001e99500000,0x0000001e99600000)]
  0x000001207d808810 JavaThread "Service Thread" daemon [_thread_blocked, id=19180, stack(0x0000001e99600000,0x0000001e99700000)]
  0x000001207d8098c0 JavaThread "Monitor Deflation Thread" daemon [_thread_blocked, id=22520, stack(0x0000001e99700000,0x0000001e99800000)]
  0x000001207d80e250 JavaThread "C2 CompilerThread0" daemon [_thread_blocked, id=22964, stack(0x0000001e99800000,0x0000001e99900000)]
  0x000001207d820860 JavaThread "C1 CompilerThread0" daemon [_thread_blocked, id=13228, stack(0x0000001e99900000,0x0000001e99a00000)]
  0x000001207d823660 JavaThread "Sweeper thread" daemon [_thread_blocked, id=15624, stack(0x0000001e99a00000,0x0000001e99b00000)]
  0x000001207d945000 JavaThread "Common-Cleaner" daemon [_thread_blocked, id=13408, stack(0x0000001e99b00000,0x0000001e99c00000)]
  0x000001207da81550 JavaThread "JDWP Transport Listener: dt_socket" daemon [_thread_blocked, id=15464, stack(0x0000001e99c00000,0x0000001e99d00000)]
  0x000001207daa2fe0 JavaThread "JDWP Event Helper Thread" daemon [_thread_blocked, id=17084, stack(0x0000001e99d00000,0x0000001e99e00000)]
  0x000001207daa5720 JavaThread "JDWP Command Reader" daemon [_thread_in_native, id=20508, stack(0x0000001e99e00000,0x0000001e99f00000)]
  0x000001207e0dcfd0 JavaThread "Notification Thread" daemon [_thread_blocked, id=23196, stack(0x0000001e9a000000,0x0000001e9a100000)]

Other Threads:
=>0x000001207ccdb560 VMThread "VM Thread" [stack: 0x0000001e99100000,0x0000001e99200000] [id=16396]
  0x000001206fb72640 WatcherThread [stack: 0x0000001e9a100000,0x0000001e9a200000] [id=16288]
  0x000001206fbb26c0 GCTaskThread "GC Thread#0" [stack: 0x0000001e98c00000,0x0000001e98d00000] [id=8552]
  0x000001206fbc3840 ConcurrentGCThread "G1 Main Marker" [stack: 0x0000001e98d00000,0x0000001e98e00000] [id=22912]
  0x000001206fbc41d0 ConcurrentGCThread "G1 Conc#0" [stack: 0x0000001e98e00000,0x0000001e98f00000] [id=13768]
  0x000001207cb30090 ConcurrentGCThread "G1 Refine#0" [stack: 0x0000001e98f00000,0x0000001e99000000] [id=19028]
  0x000001207cb307c0 ConcurrentGCThread "G1 Service" [stack: 0x0000001e99000000,0x0000001e99100000] [id=24084]

Threads with active compile tasks:
C2 CompilerThread0  2320567  485       4       org.eclipse.jdt.launching.internal.org.objectweb.asm.ClassReader::readUnsignedShort (26 bytes)

VM state: at safepoint (normal execution)

VM Mutex/Monitor currently owned by a thread:  ([mutex/lock_event])
[0x000001206fb64810] Threads_lock - owner thread: 0x000001207ccdb560

Heap address: 0x0000000083000000, size: 2000 MB, Compressed Oops mode: 32-bit

CDS disabled.
Compressed class space mapped at: 0x0000000100000000-0x0000000140000000, reserved size: 1073741824
Narrow klass base: 0x0000000000000000, Narrow klass shift: 3, Narrow klass range: 0x140000000

GC Precious Log:
 CPUs: 12 total, 12 available
 Memory: 7993M
 Large Page Support: Disabled
 NUMA Support: Disabled
 Compressed Oops: Enabled (32-bit)
 Heap Region Size: 1M
 Heap Min Capacity: 8M
 Heap Initial Capacity: 126M
 Heap Max Capacity: 2000M
 Pre-touch: Disabled
 Parallel Workers: 10
 Concurrent Workers: 3
 Concurrent Refinement Workers: 10
 Periodic GC: Disabled

Heap:
 garbage-first heap   total 129024K, used 7168K [0x0000000083000000, 0x0000000100000000)
  region size 1024K, 8 young (8192K), 0 survivors (0K)
 Metaspace       used 9388K, committed 9536K, reserved 1064960K
  class space    used 797K, committed 896K, reserved 1048576K

Heap Regions: E=young(eden), S=young(survivor), O=old, HS=humongous(starts), HC=humongous(continues), CS=collection set, F=free, OA=open archive, CA=closed archive, TAMS=top-at-mark-start (previous, next)
|   0|0x0000000083000000, 0x0000000083100000, 0x0000000083100000|100%|HS|  |TAMS 0x0000000083000000, 0x0000000083000000| Complete 
|   1|0x0000000083100000, 0x0000000083100000, 0x0000000083200000|  0%| F|  |TAMS 0x0000000083100000, 0x0000000083100000| Untracked 
|   2|0x0000000083200000, 0x0000000083200000, 0x0000000083300000|  0%| F|  |TAMS 0x0000000083200000, 0x0000000083200000| Untracked 
|   3|0x0000000083300000, 0x0000000083300000, 0x0000000083400000|  0%| F|  |TAMS 0x0000000083300000, 0x0000000083300000| Untracked 
|   4|0x0000000083400000, 0x0000000083400000, 0x0000000083500000|  0%| F|  |TAMS 0x0000000083400000, 0x0000000083400000| Untracked 
|   5|0x0000000083500000, 0x0000000083500000, 0x0000000083600000|  0%| F|  |TAMS 0x0000000083500000, 0x0000000083500000| Untracked 
|   6|0x0000000083600000, 0x0000000083600000, 0x0000000083700000|  0%| F|  |TAMS 0x0000000083600000, 0x0000000083600000| Untracked 
|   7|0x0000000083700000, 0x0000000083700000, 0x0000000083800000|  0%| F|  |TAMS 0x0000000083700000, 0x0000000083700000| Untracked 
|   8|0x0000000083800000, 0x0000000083800000, 0x0000000083900000|  0%| F|  |TAMS 0x0000000083800000, 0x0000000083800000| Untracked 
|   9|0x0000000083900000, 0x0000000083900000, 0x0000000083a00000|  0%| F|  |TAMS 0x0000000083900000, 0x0000000083900000| Untracked 
|  10|0x0000000083a00000, 0x0000000083a00000, 0x0000000083b00000|  0%| F|  |TAMS 0x0000000083a00000, 0x0000000083a00000| Untracked 
|  11|0x0000000083b00000, 0x0000000083b00000, 0x0000000083c00000|  0%| F|  |TAMS 0x0000000083b00000, 0x0000000083b00000| Untracked 
|  12|0x0000000083c00000, 0x0000000083c00000, 0x0000000083d00000|  0%| F|  |TAMS 0x0000000083c00000, 0x0000000083c00000| Untracked 
|  13|0x0000000083d00000, 0x0000000083d00000, 0x0000000083e00000|  0%| F|  |TAMS 0x0000000083d00000, 0x0000000083d00000| Untracked 
|  14|0x0000000083e00000, 0x0000000083e00000, 0x0000000083f00000|  0%| F|  |TAMS 0x0000000083e00000, 0x0000000083e00000| Untracked 
|  15|0x0000000083f00000, 0x0000000083f00000, 0x0000000084000000|  0%| F|  |TAMS 0x0000000083f00000, 0x0000000083f00000| Untracked 
|  16|0x0000000084000000, 0x0000000084000000, 0x0000000084100000|  0%| F|  |TAMS 0x0000000084000000, 0x0000000084000000| Untracked 
|  17|0x0000000084100000, 0x0000000084100000, 0x0000000084200000|  0%| F|  |TAMS 0x0000000084100000, 0x0000000084100000| Untracked 
|  18|0x0000000084200000, 0x0000000084200000, 0x0000000084300000|  0%| F|  |TAMS 0x0000000084200000, 0x0000000084200000| Untracked 
|  19|0x0000000084300000, 0x0000000084300000, 0x0000000084400000|  0%| F|  |TAMS 0x0000000084300000, 0x0000000084300000| Untracked 
|  20|0x0000000084400000, 0x0000000084400000, 0x0000000084500000|  0%| F|  |TAMS 0x0000000084400000, 0x0000000084400000| Untracked 
|  21|0x0000000084500000, 0x0000000084500000, 0x0000000084600000|  0%| F|  |TAMS 0x0000000084500000, 0x0000000084500000| Untracked 
|  22|0x0000000084600000, 0x0000000084600000, 0x0000000084700000|  0%| F|  |TAMS 0x0000000084600000, 0x0000000084600000| Untracked 
|  23|0x0000000084700000, 0x0000000084700000, 0x0000000084800000|  0%| F|  |TAMS 0x0000000084700000, 0x0000000084700000| Untracked 
|  24|0x0000000084800000, 0x0000000084800000, 0x0000000084900000|  0%| F|  |TAMS 0x0000000084800000, 0x0000000084800000| Untracked 
|  25|0x0000000084900000, 0x0000000084900000, 0x0000000084a00000|  0%| F|  |TAMS 0x0000000084900000, 0x0000000084900000| Untracked 
|  26|0x0000000084a00000, 0x0000000084a00000, 0x0000000084b00000|  0%| F|  |TAMS 0x0000000084a00000, 0x0000000084a00000| Untracked 
|  27|0x0000000084b00000, 0x0000000084b00000, 0x0000000084c00000|  0%| F|  |TAMS 0x0000000084b00000, 0x0000000084b00000| Untracked 
|  28|0x0000000084c00000, 0x0000000084c00000, 0x0000000084d00000|  0%| F|  |TAMS 0x0000000084c00000, 0x0000000084c00000| Untracked 
|  29|0x0000000084d00000, 0x0000000084d00000, 0x0000000084e00000|  0%| F|  |TAMS 0x0000000084d00000, 0x0000000084d00000| Untracked 
|  30|0x0000000084e00000, 0x0000000084e00000, 0x0000000084f00000|  0%| F|  |TAMS 0x0000000084e00000, 0x0000000084e00000| Untracked 
|  31|0x0000000084f00000, 0x0000000084f00000, 0x0000000085000000|  0%| F|  |TAMS 0x0000000084f00000, 0x0000000084f00000| Untracked 
|  32|0x0000000085000000, 0x0000000085000000, 0x0000000085100000|  0%| F|  |TAMS 0x0000000085000000, 0x0000000085000000| Untracked 
|  33|0x0000000085100000, 0x0000000085100000, 0x0000000085200000|  0%| F|  |TAMS 0x0000000085100000, 0x0000000085100000| Untracked 
|  34|0x0000000085200000, 0x0000000085200000, 0x0000000085300000|  0%| F|  |TAMS 0x0000000085200000, 0x0000000085200000| Untracked 
|  35|0x0000000085300000, 0x0000000085300000, 0x0000000085400000|  0%| F|  |TAMS 0x0000000085300000, 0x0000000085300000| Untracked 
|  36|0x0000000085400000, 0x0000000085400000, 0x0000000085500000|  0%| F|  |TAMS 0x0000000085400000, 0x0000000085400000| Untracked 
|  37|0x0000000085500000, 0x0000000085500000, 0x0000000085600000|  0%| F|  |TAMS 0x0000000085500000, 0x0000000085500000| Untracked 
|  38|0x0000000085600000, 0x0000000085600000, 0x0000000085700000|  0%| F|  |TAMS 0x0000000085600000, 0x0000000085600000| Untracked 
|  39|0x0000000085700000, 0x0000000085700000, 0x0000000085800000|  0%| F|  |TAMS 0x0000000085700000, 0x0000000085700000| Untracked 
|  40|0x0000000085800000, 0x0000000085800000, 0x0000000085900000|  0%| F|  |TAMS 0x0000000085800000, 0x0000000085800000| Untracked 
|  41|0x0000000085900000, 0x0000000085900000, 0x0000000085a00000|  0%| F|  |TAMS 0x0000000085900000, 0x0000000085900000| Untracked 
|  42|0x0000000085a00000, 0x0000000085a00000, 0x0000000085b00000|  0%| F|  |TAMS 0x0000000085a00000, 0x0000000085a00000| Untracked 
|  43|0x0000000085b00000, 0x0000000085b00000, 0x0000000085c00000|  0%| F|  |TAMS 0x0000000085b00000, 0x0000000085b00000| Untracked 
|  44|0x0000000085c00000, 0x0000000085c00000, 0x0000000085d00000|  0%| F|  |TAMS 0x0000000085c00000, 0x0000000085c00000| Untracked 
|  45|0x0000000085d00000, 0x0000000085d00000, 0x0000000085e00000|  0%| F|  |TAMS 0x0000000085d00000, 0x0000000085d00000| Untracked 
|  46|0x0000000085e00000, 0x0000000085e00000, 0x0000000085f00000|  0%| F|  |TAMS 0x0000000085e00000, 0x0000000085e00000| Untracked 
|  47|0x0000000085f00000, 0x0000000085f00000, 0x0000000086000000|  0%| F|  |TAMS 0x0000000085f00000, 0x0000000085f00000| Untracked 
|  48|0x0000000086000000, 0x0000000086000000, 0x0000000086100000|  0%| F|  |TAMS 0x0000000086000000, 0x0000000086000000| Untracked 
|  49|0x0000000086100000, 0x0000000086100000, 0x0000000086200000|  0%| F|  |TAMS 0x0000000086100000, 0x0000000086100000| Untracked 
|  50|0x0000000086200000, 0x0000000086200000, 0x0000000086300000|  0%| F|  |TAMS 0x0000000086200000, 0x0000000086200000| Untracked 
|  51|0x0000000086300000, 0x0000000086300000, 0x0000000086400000|  0%| F|  |TAMS 0x0000000086300000, 0x0000000086300000| Untracked 
|  52|0x0000000086400000, 0x0000000086400000, 0x0000000086500000|  0%| F|  |TAMS 0x0000000086400000, 0x0000000086400000| Untracked 
|  53|0x0000000086500000, 0x0000000086500000, 0x0000000086600000|  0%| F|  |TAMS 0x0000000086500000, 0x0000000086500000| Untracked 
|  54|0x0000000086600000, 0x0000000086600000, 0x0000000086700000|  0%| F|  |TAMS 0x0000000086600000, 0x0000000086600000| Untracked 
|  55|0x0000000086700000, 0x0000000086700000, 0x0000000086800000|  0%| F|  |TAMS 0x0000000086700000, 0x0000000086700000| Untracked 
|  56|0x0000000086800000, 0x0000000086800000, 0x0000000086900000|  0%| F|  |TAMS 0x0000000086800000, 0x0000000086800000| Untracked 
|  57|0x0000000086900000, 0x0000000086900000, 0x0000000086a00000|  0%| F|  |TAMS 0x0000000086900000, 0x0000000086900000| Untracked 
|  58|0x0000000086a00000, 0x0000000086a00000, 0x0000000086b00000|  0%| F|  |TAMS 0x0000000086a00000, 0x0000000086a00000| Untracked 
|  59|0x0000000086b00000, 0x0000000086b00000, 0x0000000086c00000|  0%| F|  |TAMS 0x0000000086b00000, 0x0000000086b00000| Untracked 
|  60|0x0000000086c00000, 0x0000000086c00000, 0x0000000086d00000|  0%| F|  |TAMS 0x0000000086c00000, 0x0000000086c00000| Untracked 
|  61|0x0000000086d00000, 0x0000000086d00000, 0x0000000086e00000|  0%| F|  |TAMS 0x0000000086d00000, 0x0000000086d00000| Untracked 
|  62|0x0000000086e00000, 0x0000000086e00000, 0x0000000086f00000|  0%| F|  |TAMS 0x0000000086e00000, 0x0000000086e00000| Untracked 
|  63|0x0000000086f00000, 0x0000000086f00000, 0x0000000087000000|  0%| F|  |TAMS 0x0000000086f00000, 0x0000000086f00000| Untracked 
|  64|0x0000000087000000, 0x0000000087000000, 0x0000000087100000|  0%| F|  |TAMS 0x0000000087000000, 0x0000000087000000| Untracked 
|  65|0x0000000087100000, 0x0000000087100000, 0x0000000087200000|  0%| F|  |TAMS 0x0000000087100000, 0x0000000087100000| Untracked 
|  66|0x0000000087200000, 0x0000000087200000, 0x0000000087300000|  0%| F|  |TAMS 0x0000000087200000, 0x0000000087200000| Untracked 
|  67|0x0000000087300000, 0x0000000087300000, 0x0000000087400000|  0%| F|  |TAMS 0x0000000087300000, 0x0000000087300000| Untracked 
|  68|0x0000000087400000, 0x0000000087400000, 0x0000000087500000|  0%| F|  |TAMS 0x0000000087400000, 0x0000000087400000| Untracked 
|  69|0x0000000087500000, 0x0000000087500000, 0x0000000087600000|  0%| F|  |TAMS 0x0000000087500000, 0x0000000087500000| Untracked 
|  70|0x0000000087600000, 0x0000000087600000, 0x0000000087700000|  0%| F|  |TAMS 0x0000000087600000, 0x0000000087600000| Untracked 
|  71|0x0000000087700000, 0x0000000087700000, 0x0000000087800000|  0%| F|  |TAMS 0x0000000087700000, 0x0000000087700000| Untracked 
|  72|0x0000000087800000, 0x0000000087800000, 0x0000000087900000|  0%| F|  |TAMS 0x0000000087800000, 0x0000000087800000| Untracked 
|  73|0x0000000087900000, 0x0000000087900000, 0x0000000087a00000|  0%| F|  |TAMS 0x0000000087900000, 0x0000000087900000| Untracked 
|  74|0x0000000087a00000, 0x0000000087a00000, 0x0000000087b00000|  0%| F|  |TAMS 0x0000000087a00000, 0x0000000087a00000| Untracked 
|  75|0x0000000087b00000, 0x0000000087b00000, 0x0000000087c00000|  0%| F|  |TAMS 0x0000000087b00000, 0x0000000087b00000| Untracked 
|  76|0x0000000087c00000, 0x0000000087c00000, 0x0000000087d00000|  0%| F|  |TAMS 0x0000000087c00000, 0x0000000087c00000| Untracked 
|  77|0x0000000087d00000, 0x0000000087d00000, 0x0000000087e00000|  0%| F|  |TAMS 0x0000000087d00000, 0x0000000087d00000| Untracked 
|  78|0x0000000087e00000, 0x0000000087e00000, 0x0000000087f00000|  0%| F|  |TAMS 0x0000000087e00000, 0x0000000087e00000| Untracked 
|  79|0x0000000087f00000, 0x0000000087f00000, 0x0000000088000000|  0%| F|  |TAMS 0x0000000087f00000, 0x0000000087f00000| Untracked 
|  80|0x0000000088000000, 0x0000000088000000, 0x0000000088100000|  0%| F|  |TAMS 0x0000000088000000, 0x0000000088000000| Untracked 
|  81|0x0000000088100000, 0x0000000088100000, 0x0000000088200000|  0%| F|  |TAMS 0x0000000088100000, 0x0000000088100000| Untracked 
|  82|0x0000000088200000, 0x0000000088200000, 0x0000000088300000|  0%| F|  |TAMS 0x0000000088200000, 0x0000000088200000| Untracked 
|  83|0x0000000088300000, 0x0000000088300000, 0x0000000088400000|  0%| F|  |TAMS 0x0000000088300000, 0x0000000088300000| Untracked 
|  84|0x0000000088400000, 0x0000000088400000, 0x0000000088500000|  0%| F|  |TAMS 0x0000000088400000, 0x0000000088400000| Untracked 
|  85|0x0000000088500000, 0x0000000088500000, 0x0000000088600000|  0%| F|  |TAMS 0x0000000088500000, 0x0000000088500000| Untracked 
|  86|0x0000000088600000, 0x0000000088600000, 0x0000000088700000|  0%| F|  |TAMS 0x0000000088600000, 0x0000000088600000| Untracked 
|  87|0x0000000088700000, 0x0000000088700000, 0x0000000088800000|  0%| F|  |TAMS 0x0000000088700000, 0x0000000088700000| Untracked 
|  88|0x0000000088800000, 0x0000000088800000, 0x0000000088900000|  0%| F|  |TAMS 0x0000000088800000, 0x0000000088800000| Untracked 
|  89|0x0000000088900000, 0x0000000088900000, 0x0000000088a00000|  0%| F|  |TAMS 0x0000000088900000, 0x0000000088900000| Untracked 
|  90|0x0000000088a00000, 0x0000000088a00000, 0x0000000088b00000|  0%| F|  |TAMS 0x0000000088a00000, 0x0000000088a00000| Untracked 
|  91|0x0000000088b00000, 0x0000000088b00000, 0x0000000088c00000|  0%| F|  |TAMS 0x0000000088b00000, 0x0000000088b00000| Untracked 
|  92|0x0000000088c00000, 0x0000000088c00000, 0x0000000088d00000|  0%| F|  |TAMS 0x0000000088c00000, 0x0000000088c00000| Untracked 
|  93|0x0000000088d00000, 0x0000000088d00000, 0x0000000088e00000|  0%| F|  |TAMS 0x0000000088d00000, 0x0000000088d00000| Untracked 
|  94|0x0000000088e00000, 0x0000000088e00000, 0x0000000088f00000|  0%| F|  |TAMS 0x0000000088e00000, 0x0000000088e00000| Untracked 
|  95|0x0000000088f00000, 0x0000000088f00000, 0x0000000089000000|  0%| F|  |TAMS 0x0000000088f00000, 0x0000000088f00000| Untracked 
|  96|0x0000000089000000, 0x0000000089000000, 0x0000000089100000|  0%| F|  |TAMS 0x0000000089000000, 0x0000000089000000| Untracked 
|  97|0x0000000089100000, 0x0000000089100000, 0x0000000089200000|  0%| F|  |TAMS 0x0000000089100000, 0x0000000089100000| Untracked 
|  98|0x0000000089200000, 0x0000000089200000, 0x0000000089300000|  0%| F|  |TAMS 0x0000000089200000, 0x0000000089200000| Untracked 
|  99|0x0000000089300000, 0x0000000089300000, 0x0000000089400000|  0%| F|  |TAMS 0x0000000089300000, 0x0000000089300000| Untracked 
| 100|0x0000000089400000, 0x0000000089400000, 0x0000000089500000|  0%| F|  |TAMS 0x0000000089400000, 0x0000000089400000| Untracked 
| 101|0x0000000089500000, 0x0000000089500000, 0x0000000089600000|  0%| F|  |TAMS 0x0000000089500000, 0x0000000089500000| Untracked 
| 102|0x0000000089600000, 0x0000000089600000, 0x0000000089700000|  0%| F|  |TAMS 0x0000000089600000, 0x0000000089600000| Untracked 
| 103|0x0000000089700000, 0x0000000089700000, 0x0000000089800000|  0%| F|  |TAMS 0x0000000089700000, 0x0000000089700000| Untracked 
| 104|0x0000000089800000, 0x0000000089800000, 0x0000000089900000|  0%| F|  |TAMS 0x0000000089800000, 0x0000000089800000| Untracked 
| 105|0x0000000089900000, 0x0000000089900000, 0x0000000089a00000|  0%| F|  |TAMS 0x0000000089900000, 0x0000000089900000| Untracked 
| 106|0x0000000089a00000, 0x0000000089a00000, 0x0000000089b00000|  0%| F|  |TAMS 0x0000000089a00000, 0x0000000089a00000| Untracked 
| 107|0x0000000089b00000, 0x0000000089b00000, 0x0000000089c00000|  0%| F|  |TAMS 0x0000000089b00000, 0x0000000089b00000| Untracked 
| 108|0x0000000089c00000, 0x0000000089c00000, 0x0000000089d00000|  0%| F|  |TAMS 0x0000000089c00000, 0x0000000089c00000| Untracked 
| 109|0x0000000089d00000, 0x0000000089d00000, 0x0000000089e00000|  0%| F|  |TAMS 0x0000000089d00000, 0x0000000089d00000| Untracked 
| 110|0x0000000089e00000, 0x0000000089e00000, 0x0000000089f00000|  0%| F|  |TAMS 0x0000000089e00000, 0x0000000089e00000| Untracked 
| 111|0x0000000089f00000, 0x0000000089f00000, 0x000000008a000000|  0%| F|  |TAMS 0x0000000089f00000, 0x0000000089f00000| Untracked 
| 112|0x000000008a000000, 0x000000008a000000, 0x000000008a100000|  0%| F|  |TAMS 0x000000008a000000, 0x000000008a000000| Untracked 
| 113|0x000000008a100000, 0x000000008a100000, 0x000000008a200000|  0%| F|  |TAMS 0x000000008a100000, 0x000000008a100000| Untracked 
| 114|0x000000008a200000, 0x000000008a200000, 0x000000008a300000|  0%| F|  |TAMS 0x000000008a200000, 0x000000008a200000| Untracked 
| 115|0x000000008a300000, 0x000000008a300000, 0x000000008a400000|  0%| F|  |TAMS 0x000000008a300000, 0x000000008a300000| Untracked 
| 116|0x000000008a400000, 0x000000008a400000, 0x000000008a500000|  0%| F|  |TAMS 0x000000008a400000, 0x000000008a400000| Untracked 
| 117|0x000000008a500000, 0x000000008a500000, 0x000000008a600000|  0%| F|  |TAMS 0x000000008a500000, 0x000000008a500000| Untracked 
| 118|0x000000008a600000, 0x000000008a6ec738, 0x000000008a700000| 92%| E|  |TAMS 0x000000008a600000, 0x000000008a600000| Complete 
| 119|0x000000008a700000, 0x000000008a800000, 0x000000008a800000|100%| E|CS|TAMS 0x000000008a700000, 0x000000008a700000| Complete 
| 120|0x000000008a800000, 0x000000008a900000, 0x000000008a900000|100%| E|CS|TAMS 0x000000008a800000, 0x000000008a800000| Complete 
| 121|0x000000008a900000, 0x000000008aa00000, 0x000000008aa00000|100%| E|CS|TAMS 0x000000008a900000, 0x000000008a900000| Complete 
| 122|0x000000008aa00000, 0x000000008ab00000, 0x000000008ab00000|100%| E|CS|TAMS 0x000000008aa00000, 0x000000008aa00000| Complete 
| 123|0x000000008ab00000, 0x000000008ac00000, 0x000000008ac00000|100%| E|  |TAMS 0x000000008ab00000, 0x000000008ab00000| Complete 
| 124|0x000000008ac00000, 0x000000008ad00000, 0x000000008ad00000|100%| E|CS|TAMS 0x000000008ac00000, 0x000000008ac00000| Complete 
| 125|0x000000008ad00000, 0x000000008ae00000, 0x000000008ae00000|100%| E|CS|TAMS 0x000000008ad00000, 0x000000008ad00000| Complete 

Card table byte_map: [0x0000012075970000,0x0000012075d60000] _byte_map_base: 0x0000012075558000

Marking Bits (Prev, Next): (CMBitMap*) 0x000001206fbb2c50, (CMBitMap*) 0x000001206fbb2c90
 Prev Bits: [0x0000012076150000, 0x0000012078090000)
 Next Bits: [0x0000012078090000, 0x0000012079fd0000)

Polling page: 0x000001206fc50000

Metaspace:

Usage:
  Non-class:      8.39 MB used.
      Class:    797.96 KB used.
       Both:      9.17 MB used.

Virtual space:
  Non-class space:       16.00 MB reserved,       8.44 MB ( 53%) committed,  2 nodes.
      Class space:        1.00 GB reserved,     896.00 KB ( <1%) committed,  1 nodes.
              Both:        1.02 GB reserved,       9.31 MB ( <1%) committed. 

Chunk freelists:
   Non-Class:  2.75 MB
       Class:  3.10 MB
        Both:  5.85 MB

MaxMetaspaceSize: 17179869184.00 GB
CompressedClassSpaceSize: 1.00 GB
 - commit_granule_bytes: 65536.
 - commit_granule_words: 8192.
 - virtual_space_node_default_size: 1048576.
 - enlarge_chunks_in_place: 1.
 - new_chunks_are_fully_committed: 0.
 - uncommit_free_chunks: 1.
 - use_allocation_guard: 0.
 - handle_deallocations: 1.


Internal statistics:

num_allocs_failed_limit: 0.
num_arena_births: 10.
num_arena_deaths: 0.
num_vsnodes_births: 3.
num_vsnodes_deaths: 0.
num_space_committed: 149.
num_space_uncommitted: 0.
num_chunks_returned_to_freelist: 0.
num_chunks_taken_from_freelist: 52.
num_chunk_merges: 0.
num_chunk_splits: 18.
num_chunks_enlarged: 12.
num_purges: 0.

CodeHeap 'non-profiled nmethods': size=120000Kb used=163Kb max_used=163Kb free=119836Kb
 bounds [0x0000012007ad0000, 0x0000012007d40000, 0x000001200f000000]
CodeHeap 'profiled nmethods': size=120000Kb used=661Kb max_used=661Kb free=119338Kb
 bounds [0x00000120005a0000, 0x0000012000810000, 0x0000012007ad0000]
CodeHeap 'non-nmethods': size=5760Kb used=1197Kb max_used=1215Kb free=4562Kb
 bounds [0x0000012000000000, 0x0000012000270000, 0x00000120005a0000]
 total_blobs=885 nmethods=482 adapters=316
 compilation: enabled
              stopped_count=0, restarted_count=0
 full_count=0

Compilation events (20 events):
Event: 0.348 Thread 0x000001207d820860 nmethod 476 0x0000012000641a90 code [0x0000012000641c20, 0x0000012000641d98]
Event: 0.348 Thread 0x000001207d820860  477       3       sun.security.x509.X509CertImpl::getEncodedInternal (20 bytes)
Event: 0.348 Thread 0x000001207d820860 nmethod 477 0x0000012000641e10 code [0x0000012000642000, 0x0000012000642538]
Event: 0.348 Thread 0x000001207d820860  475       1       jdk.internal.loader.URLClassPath$Loader::getBaseURL (5 bytes)
Event: 0.348 Thread 0x000001207d820860 nmethod 475 0x0000012007af8610 code [0x0000012007af87a0, 0x0000012007af8878]
Event: 0.349 Thread 0x000001207d820860  478   !   3       java.util.zip.Inflater::inflate (418 bytes)
Event: 0.349 Thread 0x000001207d820860 nmethod 478 0x0000012000642690 code [0x0000012000642960, 0x0000012000643ac8]
Event: 0.349 Thread 0x000001207d820860  480       3       java.lang.StringConcatHelper::stringOf (20 bytes)
Event: 0.350 Thread 0x000001207d820860 nmethod 480 0x0000012000644590 code [0x0000012000644740, 0x0000012000644988]
Event: 0.350 Thread 0x000001207d820860  481       3       java.lang.StringConcatHelper::mix (27 bytes)
Event: 0.350 Thread 0x000001207d820860 nmethod 481 0x0000012000644a90 code [0x0000012000644c80, 0x00000120006450a8]
Event: 927.614 Thread 0x000001207d820860  482       3       org.eclipse.jdt.launching.internal.org.objectweb.asm.ClassReader::readUnsignedShort (26 bytes)
Event: 927.617 Thread 0x000001207d820860 

Event: 1334.316 Thread 0x000001207d80e250  483       4       org.eclipse.jdt.launching.internal.org.objectweb.asm.ClassReader::readUnsignedShort (26 bytes)
Event: 1334.316 Thread 0x000001207d820860  484       3       org.eclipse.jdt.launching.internal.org.objectweb.asm.ClassReader::readUtf (44 bytes)
Event: 1334.318 Thread 0x000001207d820860 

Event: 1334.319 Thread 0x000001207d80e250 

Event: 2320.547 Thread 0x000001207d80e250  485       4       org.eclipse.jdt.launching.internal.org.objectweb.asm.ClassReader::readUnsignedShort (26 bytes)
Event: 2320.547 Thread 0x000001207d820860  486       3       org.eclipse.jdt.launching.internal.org.objectweb.asm.ClassReader::getItem (7 bytes)
Event: 2320.547 Thread 0x000001207d820860 nmethod 486 0x0000012000645290 code [0x0000012000645420, 0x0000012000645558]

GC Heap History (0 events):
No events

Deoptimization events (20 events):
Event: 0.338 Thread 0x000001206fb71a70 DEOPT PACKING pc=0x0000012000625edb sp=0x0000001e98bf8150
Event: 0.338 Thread 0x000001206fb71a70 DEOPT UNPACKING pc=0x000001200004dece sp=0x0000001e98bf75b8 mode 0
Event: 0.338 Thread 0x000001206fb71a70 DEOPT PACKING pc=0x0000012000625edb sp=0x0000001e98bf8150
Event: 0.338 Thread 0x000001206fb71a70 DEOPT UNPACKING pc=0x000001200004dece sp=0x0000001e98bf75b8 mode 0
Event: 0.338 Thread 0x000001206fb71a70 DEOPT PACKING pc=0x0000012000625edb sp=0x0000001e98bf8150
Event: 0.338 Thread 0x000001206fb71a70 DEOPT UNPACKING pc=0x000001200004dece sp=0x0000001e98bf75b8 mode 0
Event: 0.338 Thread 0x000001206fb71a70 DEOPT PACKING pc=0x0000012000625edb sp=0x0000001e98bf8150
Event: 0.338 Thread 0x000001206fb71a70 DEOPT UNPACKING pc=0x000001200004dece sp=0x0000001e98bf75b8 mode 0
Event: 0.339 Thread 0x000001206fb71a70 DEOPT PACKING pc=0x00000120005d5d9f sp=0x0000001e98bf8280
Event: 0.339 Thread 0x000001206fb71a70 DEOPT UNPACKING pc=0x000001200004dece sp=0x0000001e98bf7718 mode 0
Event: 0.339 Thread 0x000001206fb71a70 DEOPT PACKING pc=0x0000012000625edb sp=0x0000001e98bf8150
Event: 0.339 Thread 0x000001206fb71a70 DEOPT UNPACKING pc=0x000001200004dece sp=0x0000001e98bf75b8 mode 0
Event: 0.342 Thread 0x000001206fb71a70 DEOPT PACKING pc=0x0000012000625edb sp=0x0000001e98bfbb80
Event: 0.342 Thread 0x000001206fb71a70 DEOPT UNPACKING pc=0x000001200004dece sp=0x0000001e98bfafe8 mode 0
Event: 0.343 Thread 0x000001206fb71a70 DEOPT PACKING pc=0x0000012000625edb sp=0x0000001e98bfbb80
Event: 0.343 Thread 0x000001206fb71a70 DEOPT UNPACKING pc=0x000001200004dece sp=0x0000001e98bfafe8 mode 0
Event: 0.343 Thread 0x000001206fb71a70 DEOPT PACKING pc=0x0000012000625edb sp=0x0000001e98bfbb80
Event: 0.343 Thread 0x000001206fb71a70 DEOPT UNPACKING pc=0x000001200004dece sp=0x0000001e98bfafe8 mode 0
Event: 0.343 Thread 0x000001206fb71a70 DEOPT PACKING pc=0x0000012000625edb sp=0x0000001e98bfbb80
Event: 0.343 Thread 0x000001206fb71a70 DEOPT UNPACKING pc=0x000001200004dece sp=0x0000001e98bfafe8 mode 0

Classes unloaded (0 events):
No events

Classes redefined (3 events):
Event: 927.615 Thread 0x000001207ccdb560 redefined class name=com.java.basic.loops, count=1
Event: 1242.665 Thread 0x000001207ccdb560 redefined class name=com.java.basic.loops, count=2
Event: 1334.317 Thread 0x000001207ccdb560 redefined class name=com.java.basic.loops, count=3

Internal exceptions (1 events):
Event: 0.324 Thread 0x000001206fb71a70 Exception <a 'java/lang/NoSuchMethodError'{0x000000008a7ea6e8}: 'java.lang.Object java.lang.invoke.DirectMethodHandle$Holder.invokeStatic(java.lang.Object)'> (0x000000008a7ea6e8) 
thrown [t:\workspace\open\src\hotspot\share\interpreter\linkResolver.cpp, line 790]

Events (20 events):
Event: 5.352 Thread 0x000001207daf5030 Thread exited: 0x000001207daf5030
Event: 927.614 Executing  VM operation: RedefineClasses
Event: 927.617 Executing  VM operation: RedefineClasses done
Event: 927.621 Executing  VM operation: ChangeBreakpoints
Event: 927.621 Executing  VM operation: ChangeBreakpoints done
Event: 927.621 Executing  VM operation: ChangeBreakpoints
Event: 927.621 Executing  VM operation: ChangeBreakpoints done
Event: 1242.664 Executing  VM operation: RedefineClasses
Event: 1242.668 Executing  VM operation: RedefineClasses done
Event: 1334.317 Executing  VM operation: RedefineClasses
Event: 1334.318 Executing  VM operation: RedefineClasses done
Event: 1334.321 Executing  VM operation: ChangeBreakpoints
Event: 1334.321 Executing  VM operation: ChangeBreakpoints done
Event: 1334.321 Executing  VM operation: ChangeBreakpoints
Event: 1334.321 Executing  VM operation: ChangeBreakpoints done
Event: 1334.324 Executing  VM operation: ChangeBreakpoints
Event: 1334.324 Executing  VM operation: ChangeBreakpoints done
Event: 1334.324 Executing  VM operation: ChangeBreakpoints
Event: 1334.324 Executing  VM operation: ChangeBreakpoints done
Event: 2320.547 Executing  VM operation: RedefineClasses


Dynamic libraries:
0x00007ff774cc0000 - 0x00007ff774cce000 	C:\Aplicaciones\eclipse-java-2021-09-R-win32-x86_64\eclipse\plugins\org.eclipse.justj.openjdk.hotspot.jre.full.win32.x86_64_16.0.2.v20210721-1149\jre\bin\javaw.exe
0x00007ffa17750000 - 0x00007ffa17945000 	C:\windows\SYSTEM32\ntdll.dll
0x00007ffa16430000 - 0x00007ffa164ee000 	C:\windows\System32\KERNEL32.DLL
0x00007ffa15290000 - 0x00007ffa15558000 	C:\windows\System32\KERNELBASE.dll
0x00007ffa150e0000 - 0x00007ffa151e0000 	C:\windows\System32\ucrtbase.dll
0x00007ffa0ee40000 - 0x00007ffa0ee58000 	C:\Aplicaciones\eclipse-java-2021-09-R-win32-x86_64\eclipse\plugins\org.eclipse.justj.openjdk.hotspot.jre.full.win32.x86_64_16.0.2.v20210721-1149\jre\bin\jli.dll
0x00007ffa0eab0000 - 0x00007ffa0eac9000 	C:\Aplicaciones\eclipse-java-2021-09-R-win32-x86_64\eclipse\plugins\org.eclipse.justj.openjdk.hotspot.jre.full.win32.x86_64_16.0.2.v20210721-1149\jre\bin\VCRUNTIME140.dll
0x00007ffa171a0000 - 0x00007ffa17341000 	C:\windows\System32\USER32.dll
0x00007ffa14f80000 - 0x00007ffa14fa2000 	C:\windows\System32\win32u.dll
0x00007ffa15f80000 - 0x00007ffa15fab000 	C:\windows\System32\GDI32.dll
0x00007ff9f82b0000 - 0x00007ff9f854a000 	C:\windows\WinSxS\amd64_microsoft.windows.common-controls_6595b64144ccf1df_6.0.19041.1110_none_60b5254171f9507e\COMCTL32.dll
0x00007ffa14e70000 - 0x00007ffa14f7b000 	C:\windows\System32\gdi32full.dll
0x00007ffa157a0000 - 0x00007ffa1583e000 	C:\windows\System32\msvcrt.dll
0x00007ffa15040000 - 0x00007ffa150dd000 	C:\windows\System32\msvcp_win.dll
0x00007ffa164f0000 - 0x00007ffa16520000 	C:\windows\System32\IMM32.DLL
0x00007ffa109d0000 - 0x00007ffa109dc000 	C:\Aplicaciones\eclipse-java-2021-09-R-win32-x86_64\eclipse\plugins\org.eclipse.justj.openjdk.hotspot.jre.full.win32.x86_64_16.0.2.v20210721-1149\jre\bin\vcruntime140_1.dll
0x00007ff9d9af0000 - 0x00007ff9d9b81000 	C:\Aplicaciones\eclipse-java-2021-09-R-win32-x86_64\eclipse\plugins\org.eclipse.justj.openjdk.hotspot.jre.full.win32.x86_64_16.0.2.v20210721-1149\jre\bin\msvcp140.dll
0x00007ff9a9070000 - 0x00007ff9a9c1b000 	C:\Aplicaciones\eclipse-java-2021-09-R-win32-x86_64\eclipse\plugins\org.eclipse.justj.openjdk.hotspot.jre.full.win32.x86_64_16.0.2.v20210721-1149\jre\bin\server\jvm.dll
0x00007ffa15ed0000 - 0x00007ffa15f7c000 	C:\windows\System32\ADVAPI32.dll
0x00007ffa17350000 - 0x00007ffa173eb000 	C:\windows\System32\sechost.dll
0x00007ffa175d0000 - 0x00007ffa176fa000 	C:\windows\System32\RPCRT4.dll
0x00007ffa17700000 - 0x00007ffa17708000 	C:\windows\System32\PSAPI.DLL
0x00007ff9f9480000 - 0x00007ff9f9489000 	C:\windows\SYSTEM32\WSOCK32.dll
0x00007ff9fa3e0000 - 0x00007ff9fa407000 	C:\windows\SYSTEM32\WINMM.dll
0x00007ffa0d760000 - 0x00007ffa0d76a000 	C:\windows\SYSTEM32\VERSION.dll
0x00007ffa163c0000 - 0x00007ffa1642b000 	C:\windows\System32\WS2_32.dll
0x00007ffa13720000 - 0x00007ffa13732000 	C:\windows\SYSTEM32\kernel.appcore.dll
0x00007ff9ede00000 - 0x00007ff9ede0a000 	C:\Aplicaciones\eclipse-java-2021-09-R-win32-x86_64\eclipse\plugins\org.eclipse.justj.openjdk.hotspot.jre.full.win32.x86_64_16.0.2.v20210721-1149\jre\bin\jimage.dll
0x00007ffa13400000 - 0x00007ffa135e4000 	C:\windows\SYSTEM32\DBGHELP.DLL
0x00007ff9fae90000 - 0x00007ff9faebc000 	C:\windows\SYSTEM32\dbgcore.DLL
0x00007ffa15710000 - 0x00007ffa15793000 	C:\windows\System32\bcryptPrimitives.dll
0x00007ff9f7980000 - 0x00007ff9f79bb000 	C:\Aplicaciones\eclipse-java-2021-09-R-win32-x86_64\eclipse\plugins\org.eclipse.justj.openjdk.hotspot.jre.full.win32.x86_64_16.0.2.v20210721-1149\jre\bin\jdwp.dll
0x00007ffa10820000 - 0x00007ffa1082e000 	C:\Aplicaciones\eclipse-java-2021-09-R-win32-x86_64\eclipse\plugins\org.eclipse.justj.openjdk.hotspot.jre.full.win32.x86_64_16.0.2.v20210721-1149\jre\bin\instrument.dll
0x00007ff9dc0c0000 - 0x00007ff9dc0e5000 	C:\Aplicaciones\eclipse-java-2021-09-R-win32-x86_64\eclipse\plugins\org.eclipse.justj.openjdk.hotspot.jre.full.win32.x86_64_16.0.2.v20210721-1149\jre\bin\java.dll
0x00007ff9dbdd0000 - 0x00007ff9dbde8000 	C:\Aplicaciones\eclipse-java-2021-09-R-win32-x86_64\eclipse\plugins\org.eclipse.justj.openjdk.hotspot.jre.full.win32.x86_64_16.0.2.v20210721-1149\jre\bin\zip.dll
0x00007ffa16a60000 - 0x00007ffa1719f000 	C:\windows\System32\SHELL32.dll
0x00007ffa12c70000 - 0x00007ffa13400000 	C:\windows\SYSTEM32\windows.storage.dll
0x00007ffa15840000 - 0x00007ffa15b95000 	C:\windows\System32\combase.dll
0x00007ffa148c0000 - 0x00007ffa148ee000 	C:\windows\SYSTEM32\Wldp.dll
0x00007ffa15fb0000 - 0x00007ffa1605d000 	C:\windows\System32\SHCORE.dll
0x00007ffa17570000 - 0x00007ffa175c5000 	C:\windows\System32\shlwapi.dll
0x00007ffa14db0000 - 0x00007ffa14dcf000 	C:\windows\SYSTEM32\profapi.dll
0x00007ffa0e780000 - 0x00007ffa0e78c000 	C:\Aplicaciones\eclipse-java-2021-09-R-win32-x86_64\eclipse\plugins\org.eclipse.justj.openjdk.hotspot.jre.full.win32.x86_64_16.0.2.v20210721-1149\jre\bin\dt_socket.dll
0x00007ffa142c0000 - 0x00007ffa142fb000 	C:\windows\SYSTEM32\IPHLPAPI.DLL
0x00007ffa14620000 - 0x00007ffa1468a000 	C:\windows\system32\mswsock.dll
0x00007ffa14310000 - 0x00007ffa143db000 	C:\windows\SYSTEM32\DNSAPI.dll
0x00007ffa15c90000 - 0x00007ffa15c98000 	C:\windows\System32\NSI.dll
0x00007ff9fcc50000 - 0x00007ff9fcc5a000 	C:\Windows\System32\rasadhlp.dll
0x00007ff9fd050000 - 0x00007ff9fd0cf000 	C:\windows\System32\fwpuclnt.dll
0x00007ffa15010000 - 0x00007ffa15037000 	C:\windows\System32\bcrypt.dll
0x00007ff9dbdb0000 - 0x00007ff9dbdc9000 	C:\Aplicaciones\eclipse-java-2021-09-R-win32-x86_64\eclipse\plugins\org.eclipse.justj.openjdk.hotspot.jre.full.win32.x86_64_16.0.2.v20210721-1149\jre\bin\net.dll
0x00007ff9fdb20000 - 0x00007ff9fdc2c000 	C:\windows\SYSTEM32\WINHTTP.dll
0x00007ff9dbd90000 - 0x00007ff9dbda3000 	C:\Aplicaciones\eclipse-java-2021-09-R-win32-x86_64\eclipse\plugins\org.eclipse.justj.openjdk.hotspot.jre.full.win32.x86_64_16.0.2.v20210721-1149\jre\bin\nio.dll
0x00007ff9ea050000 - 0x00007ff9ea060000 	C:\Aplicaciones\eclipse-java-2021-09-R-win32-x86_64\eclipse\plugins\org.eclipse.justj.openjdk.hotspot.jre.full.win32.x86_64_16.0.2.v20210721-1149\jre\bin\verify.dll

dbghelp: loaded successfully - version: 4.0.5 - missing functions: none
symbol engine: initialized successfully - sym options: 0x614 - pdb path: .;C:\Aplicaciones\eclipse-java-2021-09-R-win32-x86_64\eclipse\plugins\org.eclipse.justj.openjdk.hotspot.jre.full.win32.x86_64_16.0.2.v20210721-1149\jre\bin;C:\windows\SYSTEM32;C:\windows\WinSxS\amd64_microsoft.windows.common-controls_6595b64144ccf1df_6.0.19041.1110_none_60b5254171f9507e;C:\Aplicaciones\eclipse-java-2021-09-R-win32-x86_64\eclipse\plugins\org.eclipse.justj.openjdk.hotspot.jre.full.win32.x86_64_16.0.2.v20210721-1149\jre\bin\server

VM Arguments:
jvm_args: -XX:+ShowCodeDetailsInExceptionMessages -agentlib:jdwp=transport=dt_socket,suspend=y,address=localhost:54948 -javaagent:C:\Aplicaciones\eclipse-java-2021-09-R-win32-x86_64\eclipse\configuration\org.eclipse.osgi\222\0\.cp\lib\javaagent-shaded.jar -Dfile.encoding=Cp1252 
java_command: com.java.basic.loops
java_class_path (initial): D:\Proyectos\SELENIUMOCT2021\target\test-classes;D:\Proyectos\SELENIUMOCT2021\target\classes;C:\Users\Angel\.m2\repository\org\seleniumhq\selenium\selenium-java\3.141.59\selenium-java-3.141.59.jar;C:\Users\Angel\.m2\repository\org\seleniumhq\selenium\selenium-api\3.141.59\selenium-api-3.141.59.jar;C:\Users\Angel\.m2\repository\org\seleniumhq\selenium\selenium-edge-driver\3.141.59\selenium-edge-driver-3.141.59.jar;C:\Users\Angel\.m2\repository\org\seleniumhq\selenium\selenium-firefox-driver\3.141.59\selenium-firefox-driver-3.141.59.jar;C:\Users\Angel\.m2\repository\org\seleniumhq\selenium\selenium-ie-driver\3.141.59\selenium-ie-driver-3.141.59.jar;C:\Users\Angel\.m2\repository\org\seleniumhq\selenium\selenium-opera-driver\3.141.59\selenium-opera-driver-3.141.59.jar;C:\Users\Angel\.m2\repository\org\seleniumhq\selenium\selenium-remote-driver\3.141.59\selenium-remote-driver-3.141.59.jar;C:\Users\Angel\.m2\repository\org\seleniumhq\selenium\selenium-safari-driver\3.141.59\selenium-safari-driver-3.141.59.jar;C:\Users\Angel\.m2\repository\org\seleniumhq\selenium\selenium-support\3.141.59\selenium-support-3.141.59.jar;C:\Users\Angel\.m2\repository\net\bytebuddy\byte-buddy\1.8.15\byte-buddy-1.8.15.jar;C:\Users\Angel\.m2\repository\org\apache\commons\commons-exec\1.3\commons-exec-1.3.jar;C:\Users\Angel\.m2\repository\com\google\guava\guava\25.0-jre\guava-25.0-jre.jar;C:\Users\Angel\.m2\repository\com\google\code\findbugs\jsr305\1.3.9\jsr305-1.3.9.jar;C:\Users\Angel\.m2\repository\org\checkerframework\checker-compat-qual\2.0.0\checker-compat-qual-2.0.0.jar;C:\Users\Angel\.m2\repository\com\google\errorprone\error_prone_annotations\2.1.3\error_prone_annotations-2.1.3.jar;C:\Users\Angel\.m2\repository\com\google\j2objc\j2objc-annotations\1.1\j2objc-annotations-1.1.jar;C:\Users\Angel\.m2\repository\org\codehaus\mojo\animal-sniffer-annotations\1.14\animal-sniffer-annotations-1.14.jar;C:\Users\Angel\.m2\repository\com\squareup\okhttp3\okhttp\3.11.0\okh
Launcher Type: SUN_STANDARD

[Global flags]
     intx CICompilerCount                          = 4                                         {product} {ergonomic}
     uint ConcGCThreads                            = 3                                         {product} {ergonomic}
     uint G1ConcRefinementThreads                  = 10                                        {product} {ergonomic}
   size_t G1HeapRegionSize                         = 1048576                                   {product} {ergonomic}
    uintx GCDrainStackTargetSize                   = 64                                        {product} {ergonomic}
   size_t InitialHeapSize                          = 132120576                                 {product} {ergonomic}
   size_t MarkStackSize                            = 4194304                                   {product} {ergonomic}
   size_t MaxHeapSize                              = 2097152000                                {product} {ergonomic}
   size_t MaxNewSize                               = 1258291200                                {product} {ergonomic}
   size_t MinHeapDeltaBytes                        = 1048576                                   {product} {ergonomic}
   size_t MinHeapSize                              = 8388608                                   {product} {ergonomic}
    uintx NonNMethodCodeHeapSize                   = 5839372                                {pd product} {ergonomic}
    uintx NonProfiledCodeHeapSize                  = 122909434                              {pd product} {ergonomic}
    uintx ProfiledCodeHeapSize                     = 122909434                              {pd product} {ergonomic}
    uintx ReservedCodeCacheSize                    = 251658240                              {pd product} {ergonomic}
     bool SegmentedCodeCache                       = true                                      {product} {ergonomic}
     bool ShowCodeDetailsInExceptionMessages       = true                                   {manageable} {command line}
   size_t SoftMaxHeapSize                          = 2097152000                             {manageable} {ergonomic}
     bool UseCompressedClassPointers               = true                           {product lp64_product} {ergonomic}
     bool UseCompressedOops                        = true                           {product lp64_product} {ergonomic}
     bool UseG1GC                                  = true                                      {product} {ergonomic}
     bool UseLargePagesIndividualAllocation        = false                                  {pd product} {ergonomic}

Logging:
Log output configuration:
 #0: stdout all=warning uptime,level,tags
 #1: stderr all=off uptime,level,tags

Environment Variables:
JAVA_HOME=C:\Program Files\Java\jdk-11.0.12
PATH=C:\Aplicaciones\eclipse-java-2021-09-R-win32-x86_64\eclipse\plugins\org.eclipse.justj.openjdk.hotspot.jre.full.win32.x86_64_16.0.2.v20210721-1149\jre\bin;C:/Aplicaciones/eclipse-java-2021-09-R-win32-x86_64/eclipse//plugins/org.eclipse.justj.openjdk.hotspot.jre.full.win32.x86_64_16.0.2.v20210721-1149/jre/bin/server;C:/Aplicaciones/eclipse-java-2021-09-R-win32-x86_64/eclipse//plugins/org.eclipse.justj.openjdk.hotspot.jre.full.win32.x86_64_16.0.2.v20210721-1149/jre/bin;C:\Program Files\Common Files\Oracle\Java\javapath;C:\windows\system32;C:\windows;C:\windows\System32\Wbem;C:\windows\System32\WindowsPowerShell\v1.0\;C:\windows\System32\OpenSSH\;C:\Program Files (x86)\NVIDIA Corporation\PhysX\Common;C:\Program Files\NVIDIA Corporation\NVIDIA NvDLISR;C:\Program Files\Java\jdk-11.0.12\bin;C:\Aplicaciones\apache-maven-3.8.3-bin\apache-maven-3.8.3\bin;C:\Users\Angel\AppData\Local\Microsoft\WindowsApps;;C:\Aplicaciones\eclipse-java-2021-09-R-win32-x86_64\eclipse;
USERNAME=Angel
OS=Windows_NT
PROCESSOR_IDENTIFIER=Intel64 Family 6 Model 165 Stepping 2, GenuineIntel



---------------  S Y S T E M  ---------------

OS:
 Windows 10 , 64 bit Build 19041 (10.0.19041.1320)
OS uptime: 4 days 3:35 hours

CPU: total 12 (initial active 12) (6 cores per cpu, 2 threads per core) family 6 model 165 stepping 2 microcode 0xe0, cx8, cmov, fxsr, ht, mmx, 3dnowpref, sse, sse2, sse3, ssse3, sse4.1, sse4.2, popcnt, lzcnt, tsc, tscinvbit, avx, avx2, aes, erms, clmul, bmi1, bmi2, adx, fma, vzeroupper, clflush, clflushopt

Memory: 4k page, system-wide physical 7993M (1417M free)
TotalPageFile size 13694M (AvailPageFile size 2498M)
current process WorkingSet (physical memory assigned to process): 48M, peak: 50M
current process commit charge ("private bytes"): 214M, peak: 216M

vm_info: OpenJDK 64-Bit Server VM (16.0.2+7-67) for windows-amd64 JRE (16.0.2+7-67), built on Jun  8 2021 23:21:43 by "mach5one" with MS VC++ 16.7 (VS2019)

END.
