#
# A fatal error has been detected by the Java Runtime Environment:
#
#  EXCEPTION_ACCESS_VIOLATION (0xc0000005) at pc=0x00007ff9a967e565, pid=21332, tid=17168
#
# JRE version: OpenJDK Runtime Environment (16.0.2+7) (build 16.0.2+7-67)
# Java VM: OpenJDK 64-Bit Server VM (16.0.2+7-67, mixed mode, tiered, compressed oops, compressed class ptrs, g1 gc, windows-amd64)
# Problematic frame:
# V  [jvm.dll+0x60e565]
#
# No core dump will be written. Minidumps are not enabled by default on client versions of Windows
#
# If you would like to submit a bug report, please visit:
#   https://bugreport.java.com/bugreport/crash.jsp
#

---------------  S U M M A R Y ------------

Command Line: -XX:+ShowCodeDetailsInExceptionMessages -agentlib:jdwp=transport=dt_socket,suspend=y,address=localhost:54955 -javaagent:C:\Aplicaciones\eclipse-java-2021-09-R-win32-x86_64\eclipse\configuration\org.eclipse.osgi\222\0\.cp\lib\javaagent-shaded.jar -Dfile.encoding=Cp1252 com.java.basic.loops

Host: Intel(R) Core(TM) i7-10750H CPU @ 2.60GHz, 12 cores, 7G,  Windows 10 , 64 bit Build 19041 (10.0.19041.1320)
Time: Thu Nov  4 21:31:49 2021 Hora est. Pacífico, Sudamérica elapsed time: 2241.618315 seconds (0d 0h 37m 21s)

---------------  T H R E A D  ---------------

Current thread (0x0000016275a3c2b0):  VMThread "VM Thread" [stack: 0x0000004e0a400000,0x0000004e0a500000] [id=17168]

Stack: [0x0000004e0a400000,0x0000004e0a500000],  sp=0x0000004e0a4ff288,  free space=1020k
Native frames: (J=compiled Java code, j=interpreted, Vv=VM code, C=native code)
V  [jvm.dll+0x60e565]


siginfo: EXCEPTION_ACCESS_VIOLATION (0xc0000005), reading address 0x00007ff9ca9449d8


Register to memory mapping:

RIP=0x00007ff9a967e565 jvm.dll
RAX=0x00007ff9ca944970 is an unknown value
RBX=0x0 is NULL
RCX=0x000001627743a280 is pointing into metadata
RDX=0x0000016259913f01 points into unknown readable memory: ff ff ff ff ff ff ff
RSP=0x0000004e0a4ff288 points into unknown readable memory: 0x00007ff9a97eb25a | 5a b2 7e a9 f9 7f 00 00
RBP=0x00007ff9a967e560 jvm.dll
RSI=0x0000016259913fd0 is a thread
RDI=0x0 is NULL
R8 =0x00000162597e1201 points into unknown readable memory: 0c 7e 59 62 01 00 00
R9 =0x000000007ffee000 points into unknown readable memory: 0x00000000546c6148 | 48 61 6c 54 00 00 00 00
R10=0x00000000546c6148 is an unknown value
R11=0x000002fcf0b35e16 is an unknown value
R12=0x00007ff9a9913010 jvm.dll
R13=0x00007ff9a9b80980 jvm.dll
R14=0x0000016275a323f8 points into unknown readable memory: 0x101c748b68bd6da7 | a7 6d bd 68 8b 74 1c 10
R15=0x00000000000003d8 is an unknown value


Registers:
RAX=0x00007ff9ca944970, RBX=0x0000000000000000, RCX=0x000001627743a280, RDX=0x0000016259913f01
RSP=0x0000004e0a4ff288, RBP=0x00007ff9a967e560, RSI=0x0000016259913fd0, RDI=0x0000000000000000
R8 =0x00000162597e1201, R9 =0x000000007ffee000, R10=0x00000000546c6148, R11=0x000002fcf0b35e16
R12=0x00007ff9a9913010, R13=0x00007ff9a9b80980, R14=0x0000016275a323f8, R15=0x00000000000003d8
RIP=0x00007ff9a967e565, EFLAGS=0x0000000000010202

Top of Stack: (sp=0x0000004e0a4ff288)
0x0000004e0a4ff288:   00007ff9a97eb25a 0000000000000008
0x0000004e0a4ff298:   00007ffa17775ba1 0000000000000000
0x0000004e0a4ff2a8:   000000000000001c 0000016276710398
0x0000004e0a4ff2b8:   00007ff9a97f094b 0000016276710320
0x0000004e0a4ff2c8:   0000004e0a4ff310 0000016275a32020
0x0000004e0a4ff2d8:   00007ffa00000162 0000004e0a4ff410
0x0000004e0a4ff2e8:   00007ff9a97ed55f 0000000000000001
0x0000004e0a4ff2f8:   0000016275a32020 0000000000000001
0x0000004e0a4ff308:   00007ff9a9118706 00007ff9a99bac80
0x0000004e0a4ff318:   00007ff9a967e560 0000000000000000
0x0000004e0a4ff328:   00007ff9a967e405 00007ff9a99df868
0x0000004e0a4ff338:   00000162599539d0 000001625995d860
0x0000004e0a4ff348:   000001625995d890 0000016275a32010
0x0000004e0a4ff358:   00007ff9a959567e 000001625995d860
0x0000004e0a4ff368:   0000004e0affefd0 0000016275a3c2b0
0x0000004e0a4ff378:   0000000000000000 0000000000000000 

Instructions: (pc=0x00007ff9a967e565)
0x00007ff9a967e465:   cc cc cc cc cc cc cc cc cc cc cc 48 89 5c 24 18
0x00007ff9a967e475:   55 48 83 ec 20 48 8b 1d ff d2 4d 00 48 85 db 74
0x00007ff9a967e485:   17 48 8b 05 e3 d2 4d 00 48 89 83 08 02 00 00 48
0x00007ff9a967e495:   89 1d d5 d2 4d 00 eb 07 48 8b 1d cc d2 4d 00 33
0x00007ff9a967e4a5:   ed 48 89 2d d3 d2 4d 00 48 85 db 74 7e 48 89 74
0x00007ff9a967e4b5:   24 30 48 89 7c 24 38 0f 1f 40 00 48 8b b3 00 02
0x00007ff9a967e4c5:   00 00 48 8b fd 48 2b f3 48 c1 ee 03 48 85 f6 74
0x00007ff9a967e4d5:   1e 66 66 0f 1f 84 00 00 00 00 00 48 8b 0c fb 33
0x00007ff9a967e4e5:   d2 48 8b 01 ff 50 68 48 ff c7 48 3b fe 72 ec 48
0x00007ff9a967e4f5:   8b 8b 08 02 00 00 48 89 ab 08 02 00 00 48 89 9b
0x00007ff9a967e505:   00 02 00 00 48 8b 05 68 d2 4d 00 48 89 83 10 02
0x00007ff9a967e515:   00 00 48 89 1d 5a d2 4d 00 48 8b d9 48 85 c9 75
0x00007ff9a967e525:   9a 48 8b 7c 24 38 48 8b 74 24 30 48 8b 5c 24 40
0x00007ff9a967e535:   48 89 2d 34 d2 4d 00 48 83 c4 20 5d c3 cc cc cc
0x00007ff9a967e545:   cc cc cc cc cc cc cc cc cc cc cc 48 8b 02 48 8b
0x00007ff9a967e555:   ca b2 01 48 ff 60 68 cc cc cc cc 48 8b 01 b2 01
0x00007ff9a967e565:   48 ff 60 68 cc cc cc cc cc cc cc 40 53 48 83 ec
0x00007ff9a967e575:   20 48 8b 15 03 d2 4d 00 48 8b d9 48 85 d2 74 21
0x00007ff9a967e585:   48 8d 82 00 02 00 00 48 39 00 75 72 48 8b 05 d8
0x00007ff9a967e595:   d1 4d 00 48 89 82 08 02 00 00 48 89 15 ca d1 4d
0x00007ff9a967e5a5:   00 48 8b 15 cb d1 4d 00 48 85 d2 74 10 48 8b 82
0x00007ff9a967e5b5:   10 02 00 00 48 89 05 b8 d1 4d 00 eb 3a 45 33 c0
0x00007ff9a967e5c5:   b9 18 02 00 00 41 8d 50 08 e8 ad a0 a9 ff 48 8b
0x00007ff9a967e5d5:   d0 48 85 c0 74 1f 48 89 80 00 02 00 00 48 c7 80
0x00007ff9a967e5e5:   08 02 00 00 00 00 00 00 48 c7 80 10 02 00 00 00
0x00007ff9a967e5f5:   00 00 00 eb 02 33 d2 48 89 15 7d d1 4d 00 48 8b
0x00007ff9a967e605:   82 00 02 00 00 48 89 18 48 83 82 00 02 00 00 08
0x00007ff9a967e615:   48 83 c4 20 5b c3 cc cc cc cc cc 48 89 4c 24 08
0x00007ff9a967e625:   48 89 54 24 10 4c 89 44 24 18 4c 89 4c 24 20 48
0x00007ff9a967e635:   83 ec 28 4c 8b c1 4c 8d 4c 24 38 48 8d 0d 59 d1
0x00007ff9a967e645:   4d 00 ba 01 00 00 00 e8 ff 1d f5 ff 48 83 c4 28
0x00007ff9a967e655:   c3 cc cc cc cc cc cc cc cc cc cc 40 55 56 41 54 


Stack slot to memory mapping:
stack at sp + 0 slots: 0x00007ff9a97eb25a jvm.dll
stack at sp + 1 slots: 0x0000000000000008 is an unknown value
stack at sp + 2 slots: 0x00007ffa17775ba1 ntdll.dll
stack at sp + 3 slots: 0x0 is NULL
stack at sp + 4 slots: 0x000000000000001c is an unknown value
stack at sp + 5 slots: 0x0000016276710398 points into unknown readable memory: 0x0000000000000000 | 00 00 00 00 00 00 00 00
stack at sp + 6 slots: 0x00007ff9a97f094b jvm.dll
stack at sp + 7 slots: 0x0000016276710320 points into unknown readable memory: 0x0000016259913fd0 | d0 3f 91 59 62 01 00 00

VM_Operation (0x0000004e0affefd0): RedefineClasses, mode: safepoint, requested by thread 0x000001627664e890


---------------  P R O C E S S  ---------------

Threads class SMR info:
_java_thread_list=0x0000016276d952b0, length=15, elements={
0x0000016259913fd0, 0x0000016275a54250, 0x0000016275a54e50, 0x0000016275a77f00,
0x0000016275a7a820, 0x0000016275a7d330, 0x0000016275a7ea70, 0x00000162764210a0,
0x0000016276429fa0, 0x000001627643c5e0, 0x00000162764ff530, 0x000001627664e890,
0x0000016276747d60, 0x000001627674a4a0, 0x0000016276711050
}

Java Threads: ( => current thread )
  0x0000016259913fd0 JavaThread "main" [_thread_blocked, id=14876, stack(0x0000004e09e00000,0x0000004e09f00000)]
  0x0000016275a54250 JavaThread "Reference Handler" daemon [_thread_blocked, id=19624, stack(0x0000004e0a500000,0x0000004e0a600000)]
  0x0000016275a54e50 JavaThread "Finalizer" daemon [_thread_blocked, id=14456, stack(0x0000004e0a600000,0x0000004e0a700000)]
  0x0000016275a77f00 JavaThread "Signal Dispatcher" daemon [_thread_blocked, id=12816, stack(0x0000004e0a700000,0x0000004e0a800000)]
  0x0000016275a7a820 JavaThread "Attach Listener" daemon [_thread_blocked, id=15824, stack(0x0000004e0a800000,0x0000004e0a900000)]
  0x0000016275a7d330 JavaThread "Service Thread" daemon [_thread_blocked, id=13612, stack(0x0000004e0a900000,0x0000004e0aa00000)]
  0x0000016275a7ea70 JavaThread "Monitor Deflation Thread" daemon [_thread_blocked, id=4436, stack(0x0000004e0aa00000,0x0000004e0ab00000)]
  0x00000162764210a0 JavaThread "C2 CompilerThread0" daemon [_thread_blocked, id=3464, stack(0x0000004e0ab00000,0x0000004e0ac00000)]
  0x0000016276429fa0 JavaThread "C1 CompilerThread0" daemon [_thread_blocked, id=4644, stack(0x0000004e0ac00000,0x0000004e0ad00000)]
  0x000001627643c5e0 JavaThread "Sweeper thread" daemon [_thread_blocked, id=4300, stack(0x0000004e0ad00000,0x0000004e0ae00000)]
  0x00000162764ff530 JavaThread "Common-Cleaner" daemon [_thread_blocked, id=4356, stack(0x0000004e0ae00000,0x0000004e0af00000)]
  0x000001627664e890 JavaThread "JDWP Transport Listener: dt_socket" daemon [_thread_blocked, id=13360, stack(0x0000004e0af00000,0x0000004e0b000000)]
  0x0000016276747d60 JavaThread "JDWP Event Helper Thread" daemon [_thread_blocked, id=3388, stack(0x0000004e0b000000,0x0000004e0b100000)]
  0x000001627674a4a0 JavaThread "JDWP Command Reader" daemon [_thread_in_native, id=21116, stack(0x0000004e0b100000,0x0000004e0b200000)]
  0x0000016276711050 JavaThread "Notification Thread" daemon [_thread_blocked, id=16716, stack(0x0000004e0b300000,0x0000004e0b400000)]

Other Threads:
=>0x0000016275a3c2b0 VMThread "VM Thread" [stack: 0x0000004e0a400000,0x0000004e0a500000] [id=17168]
  0x0000016259914ba0 WatcherThread [stack: 0x0000004e0b400000,0x0000004e0b500000] [id=21812]
  0x0000016259953c10 GCTaskThread "GC Thread#0" [stack: 0x0000004e09f00000,0x0000004e0a000000] [id=4228]
  0x0000016259965da0 ConcurrentGCThread "G1 Main Marker" [stack: 0x0000004e0a000000,0x0000004e0a100000] [id=20344]
  0x0000016259966730 ConcurrentGCThread "G1 Conc#0" [stack: 0x0000004e0a100000,0x0000004e0a200000] [id=19960]
  0x0000016275890090 ConcurrentGCThread "G1 Refine#0" [stack: 0x0000004e0a200000,0x0000004e0a300000] [id=23204]
  0x0000016275890a30 ConcurrentGCThread "G1 Service" [stack: 0x0000004e0a300000,0x0000004e0a400000] [id=20072]

Threads with active compile tasks:

VM state: at safepoint (normal execution)

VM Mutex/Monitor currently owned by a thread:  ([mutex/lock_event])
[0x0000016259904010] Threads_lock - owner thread: 0x0000016275a3c2b0

Heap address: 0x0000000083000000, size: 2000 MB, Compressed Oops mode: 32-bit

CDS disabled.
Compressed class space mapped at: 0x0000000100000000-0x0000000140000000, reserved size: 1073741824
Narrow klass base: 0x0000000000000000, Narrow klass shift: 3, Narrow klass range: 0x140000000

GC Precious Log:
 CPUs: 12 total, 12 available
 Memory: 7993M
 Large Page Support: Disabled
 NUMA Support: Disabled
 Compressed Oops: Enabled (32-bit)
 Heap Region Size: 1M
 Heap Min Capacity: 8M
 Heap Initial Capacity: 126M
 Heap Max Capacity: 2000M
 Pre-touch: Disabled
 Parallel Workers: 10
 Concurrent Workers: 3
 Concurrent Refinement Workers: 10
 Periodic GC: Disabled

Heap:
 garbage-first heap   total 129024K, used 7168K [0x0000000083000000, 0x0000000100000000)
  region size 1024K, 8 young (8192K), 0 survivors (0K)
 Metaspace       used 9389K, committed 9536K, reserved 1064960K
  class space    used 798K, committed 896K, reserved 1048576K

Heap Regions: E=young(eden), S=young(survivor), O=old, HS=humongous(starts), HC=humongous(continues), CS=collection set, F=free, OA=open archive, CA=closed archive, TAMS=top-at-mark-start (previous, next)
|   0|0x0000000083000000, 0x0000000083100000, 0x0000000083100000|100%|HS|  |TAMS 0x0000000083000000, 0x0000000083000000| Complete 
|   1|0x0000000083100000, 0x0000000083100000, 0x0000000083200000|  0%| F|  |TAMS 0x0000000083100000, 0x0000000083100000| Untracked 
|   2|0x0000000083200000, 0x0000000083200000, 0x0000000083300000|  0%| F|  |TAMS 0x0000000083200000, 0x0000000083200000| Untracked 
|   3|0x0000000083300000, 0x0000000083300000, 0x0000000083400000|  0%| F|  |TAMS 0x0000000083300000, 0x0000000083300000| Untracked 
|   4|0x0000000083400000, 0x0000000083400000, 0x0000000083500000|  0%| F|  |TAMS 0x0000000083400000, 0x0000000083400000| Untracked 
|   5|0x0000000083500000, 0x0000000083500000, 0x0000000083600000|  0%| F|  |TAMS 0x0000000083500000, 0x0000000083500000| Untracked 
|   6|0x0000000083600000, 0x0000000083600000, 0x0000000083700000|  0%| F|  |TAMS 0x0000000083600000, 0x0000000083600000| Untracked 
|   7|0x0000000083700000, 0x0000000083700000, 0x0000000083800000|  0%| F|  |TAMS 0x0000000083700000, 0x0000000083700000| Untracked 
|   8|0x0000000083800000, 0x0000000083800000, 0x0000000083900000|  0%| F|  |TAMS 0x0000000083800000, 0x0000000083800000| Untracked 
|   9|0x0000000083900000, 0x0000000083900000, 0x0000000083a00000|  0%| F|  |TAMS 0x0000000083900000, 0x0000000083900000| Untracked 
|  10|0x0000000083a00000, 0x0000000083a00000, 0x0000000083b00000|  0%| F|  |TAMS 0x0000000083a00000, 0x0000000083a00000| Untracked 
|  11|0x0000000083b00000, 0x0000000083b00000, 0x0000000083c00000|  0%| F|  |TAMS 0x0000000083b00000, 0x0000000083b00000| Untracked 
|  12|0x0000000083c00000, 0x0000000083c00000, 0x0000000083d00000|  0%| F|  |TAMS 0x0000000083c00000, 0x0000000083c00000| Untracked 
|  13|0x0000000083d00000, 0x0000000083d00000, 0x0000000083e00000|  0%| F|  |TAMS 0x0000000083d00000, 0x0000000083d00000| Untracked 
|  14|0x0000000083e00000, 0x0000000083e00000, 0x0000000083f00000|  0%| F|  |TAMS 0x0000000083e00000, 0x0000000083e00000| Untracked 
|  15|0x0000000083f00000, 0x0000000083f00000, 0x0000000084000000|  0%| F|  |TAMS 0x0000000083f00000, 0x0000000083f00000| Untracked 
|  16|0x0000000084000000, 0x0000000084000000, 0x0000000084100000|  0%| F|  |TAMS 0x0000000084000000, 0x0000000084000000| Untracked 
|  17|0x0000000084100000, 0x0000000084100000, 0x0000000084200000|  0%| F|  |TAMS 0x0000000084100000, 0x0000000084100000| Untracked 
|  18|0x0000000084200000, 0x0000000084200000, 0x0000000084300000|  0%| F|  |TAMS 0x0000000084200000, 0x0000000084200000| Untracked 
|  19|0x0000000084300000, 0x0000000084300000, 0x0000000084400000|  0%| F|  |TAMS 0x0000000084300000, 0x0000000084300000| Untracked 
|  20|0x0000000084400000, 0x0000000084400000, 0x0000000084500000|  0%| F|  |TAMS 0x0000000084400000, 0x0000000084400000| Untracked 
|  21|0x0000000084500000, 0x0000000084500000, 0x0000000084600000|  0%| F|  |TAMS 0x0000000084500000, 0x0000000084500000| Untracked 
|  22|0x0000000084600000, 0x0000000084600000, 0x0000000084700000|  0%| F|  |TAMS 0x0000000084600000, 0x0000000084600000| Untracked 
|  23|0x0000000084700000, 0x0000000084700000, 0x0000000084800000|  0%| F|  |TAMS 0x0000000084700000, 0x0000000084700000| Untracked 
|  24|0x0000000084800000, 0x0000000084800000, 0x0000000084900000|  0%| F|  |TAMS 0x0000000084800000, 0x0000000084800000| Untracked 
|  25|0x0000000084900000, 0x0000000084900000, 0x0000000084a00000|  0%| F|  |TAMS 0x0000000084900000, 0x0000000084900000| Untracked 
|  26|0x0000000084a00000, 0x0000000084a00000, 0x0000000084b00000|  0%| F|  |TAMS 0x0000000084a00000, 0x0000000084a00000| Untracked 
|  27|0x0000000084b00000, 0x0000000084b00000, 0x0000000084c00000|  0%| F|  |TAMS 0x0000000084b00000, 0x0000000084b00000| Untracked 
|  28|0x0000000084c00000, 0x0000000084c00000, 0x0000000084d00000|  0%| F|  |TAMS 0x0000000084c00000, 0x0000000084c00000| Untracked 
|  29|0x0000000084d00000, 0x0000000084d00000, 0x0000000084e00000|  0%| F|  |TAMS 0x0000000084d00000, 0x0000000084d00000| Untracked 
|  30|0x0000000084e00000, 0x0000000084e00000, 0x0000000084f00000|  0%| F|  |TAMS 0x0000000084e00000, 0x0000000084e00000| Untracked 
|  31|0x0000000084f00000, 0x0000000084f00000, 0x0000000085000000|  0%| F|  |TAMS 0x0000000084f00000, 0x0000000084f00000| Untracked 
|  32|0x0000000085000000, 0x0000000085000000, 0x0000000085100000|  0%| F|  |TAMS 0x0000000085000000, 0x0000000085000000| Untracked 
|  33|0x0000000085100000, 0x0000000085100000, 0x0000000085200000|  0%| F|  |TAMS 0x0000000085100000, 0x0000000085100000| Untracked 
|  34|0x0000000085200000, 0x0000000085200000, 0x0000000085300000|  0%| F|  |TAMS 0x0000000085200000, 0x0000000085200000| Untracked 
|  35|0x0000000085300000, 0x0000000085300000, 0x0000000085400000|  0%| F|  |TAMS 0x0000000085300000, 0x0000000085300000| Untracked 
|  36|0x0000000085400000, 0x0000000085400000, 0x0000000085500000|  0%| F|  |TAMS 0x0000000085400000, 0x0000000085400000| Untracked 
|  37|0x0000000085500000, 0x0000000085500000, 0x0000000085600000|  0%| F|  |TAMS 0x0000000085500000, 0x0000000085500000| Untracked 
|  38|0x0000000085600000, 0x0000000085600000, 0x0000000085700000|  0%| F|  |TAMS 0x0000000085600000, 0x0000000085600000| Untracked 
|  39|0x0000000085700000, 0x0000000085700000, 0x0000000085800000|  0%| F|  |TAMS 0x0000000085700000, 0x0000000085700000| Untracked 
|  40|0x0000000085800000, 0x0000000085800000, 0x0000000085900000|  0%| F|  |TAMS 0x0000000085800000, 0x0000000085800000| Untracked 
|  41|0x0000000085900000, 0x0000000085900000, 0x0000000085a00000|  0%| F|  |TAMS 0x0000000085900000, 0x0000000085900000| Untracked 
|  42|0x0000000085a00000, 0x0000000085a00000, 0x0000000085b00000|  0%| F|  |TAMS 0x0000000085a00000, 0x0000000085a00000| Untracked 
|  43|0x0000000085b00000, 0x0000000085b00000, 0x0000000085c00000|  0%| F|  |TAMS 0x0000000085b00000, 0x0000000085b00000| Untracked 
|  44|0x0000000085c00000, 0x0000000085c00000, 0x0000000085d00000|  0%| F|  |TAMS 0x0000000085c00000, 0x0000000085c00000| Untracked 
|  45|0x0000000085d00000, 0x0000000085d00000, 0x0000000085e00000|  0%| F|  |TAMS 0x0000000085d00000, 0x0000000085d00000| Untracked 
|  46|0x0000000085e00000, 0x0000000085e00000, 0x0000000085f00000|  0%| F|  |TAMS 0x0000000085e00000, 0x0000000085e00000| Untracked 
|  47|0x0000000085f00000, 0x0000000085f00000, 0x0000000086000000|  0%| F|  |TAMS 0x0000000085f00000, 0x0000000085f00000| Untracked 
|  48|0x0000000086000000, 0x0000000086000000, 0x0000000086100000|  0%| F|  |TAMS 0x0000000086000000, 0x0000000086000000| Untracked 
|  49|0x0000000086100000, 0x0000000086100000, 0x0000000086200000|  0%| F|  |TAMS 0x0000000086100000, 0x0000000086100000| Untracked 
|  50|0x0000000086200000, 0x0000000086200000, 0x0000000086300000|  0%| F|  |TAMS 0x0000000086200000, 0x0000000086200000| Untracked 
|  51|0x0000000086300000, 0x0000000086300000, 0x0000000086400000|  0%| F|  |TAMS 0x0000000086300000, 0x0000000086300000| Untracked 
|  52|0x0000000086400000, 0x0000000086400000, 0x0000000086500000|  0%| F|  |TAMS 0x0000000086400000, 0x0000000086400000| Untracked 
|  53|0x0000000086500000, 0x0000000086500000, 0x0000000086600000|  0%| F|  |TAMS 0x0000000086500000, 0x0000000086500000| Untracked 
|  54|0x0000000086600000, 0x0000000086600000, 0x0000000086700000|  0%| F|  |TAMS 0x0000000086600000, 0x0000000086600000| Untracked 
|  55|0x0000000086700000, 0x0000000086700000, 0x0000000086800000|  0%| F|  |TAMS 0x0000000086700000, 0x0000000086700000| Untracked 
|  56|0x0000000086800000, 0x0000000086800000, 0x0000000086900000|  0%| F|  |TAMS 0x0000000086800000, 0x0000000086800000| Untracked 
|  57|0x0000000086900000, 0x0000000086900000, 0x0000000086a00000|  0%| F|  |TAMS 0x0000000086900000, 0x0000000086900000| Untracked 
|  58|0x0000000086a00000, 0x0000000086a00000, 0x0000000086b00000|  0%| F|  |TAMS 0x0000000086a00000, 0x0000000086a00000| Untracked 
|  59|0x0000000086b00000, 0x0000000086b00000, 0x0000000086c00000|  0%| F|  |TAMS 0x0000000086b00000, 0x0000000086b00000| Untracked 
|  60|0x0000000086c00000, 0x0000000086c00000, 0x0000000086d00000|  0%| F|  |TAMS 0x0000000086c00000, 0x0000000086c00000| Untracked 
|  61|0x0000000086d00000, 0x0000000086d00000, 0x0000000086e00000|  0%| F|  |TAMS 0x0000000086d00000, 0x0000000086d00000| Untracked 
|  62|0x0000000086e00000, 0x0000000086e00000, 0x0000000086f00000|  0%| F|  |TAMS 0x0000000086e00000, 0x0000000086e00000| Untracked 
|  63|0x0000000086f00000, 0x0000000086f00000, 0x0000000087000000|  0%| F|  |TAMS 0x0000000086f00000, 0x0000000086f00000| Untracked 
|  64|0x0000000087000000, 0x0000000087000000, 0x0000000087100000|  0%| F|  |TAMS 0x0000000087000000, 0x0000000087000000| Untracked 
|  65|0x0000000087100000, 0x0000000087100000, 0x0000000087200000|  0%| F|  |TAMS 0x0000000087100000, 0x0000000087100000| Untracked 
|  66|0x0000000087200000, 0x0000000087200000, 0x0000000087300000|  0%| F|  |TAMS 0x0000000087200000, 0x0000000087200000| Untracked 
|  67|0x0000000087300000, 0x0000000087300000, 0x0000000087400000|  0%| F|  |TAMS 0x0000000087300000, 0x0000000087300000| Untracked 
|  68|0x0000000087400000, 0x0000000087400000, 0x0000000087500000|  0%| F|  |TAMS 0x0000000087400000, 0x0000000087400000| Untracked 
|  69|0x0000000087500000, 0x0000000087500000, 0x0000000087600000|  0%| F|  |TAMS 0x0000000087500000, 0x0000000087500000| Untracked 
|  70|0x0000000087600000, 0x0000000087600000, 0x0000000087700000|  0%| F|  |TAMS 0x0000000087600000, 0x0000000087600000| Untracked 
|  71|0x0000000087700000, 0x0000000087700000, 0x0000000087800000|  0%| F|  |TAMS 0x0000000087700000, 0x0000000087700000| Untracked 
|  72|0x0000000087800000, 0x0000000087800000, 0x0000000087900000|  0%| F|  |TAMS 0x0000000087800000, 0x0000000087800000| Untracked 
|  73|0x0000000087900000, 0x0000000087900000, 0x0000000087a00000|  0%| F|  |TAMS 0x0000000087900000, 0x0000000087900000| Untracked 
|  74|0x0000000087a00000, 0x0000000087a00000, 0x0000000087b00000|  0%| F|  |TAMS 0x0000000087a00000, 0x0000000087a00000| Untracked 
|  75|0x0000000087b00000, 0x0000000087b00000, 0x0000000087c00000|  0%| F|  |TAMS 0x0000000087b00000, 0x0000000087b00000| Untracked 
|  76|0x0000000087c00000, 0x0000000087c00000, 0x0000000087d00000|  0%| F|  |TAMS 0x0000000087c00000, 0x0000000087c00000| Untracked 
|  77|0x0000000087d00000, 0x0000000087d00000, 0x0000000087e00000|  0%| F|  |TAMS 0x0000000087d00000, 0x0000000087d00000| Untracked 
|  78|0x0000000087e00000, 0x0000000087e00000, 0x0000000087f00000|  0%| F|  |TAMS 0x0000000087e00000, 0x0000000087e00000| Untracked 
|  79|0x0000000087f00000, 0x0000000087f00000, 0x0000000088000000|  0%| F|  |TAMS 0x0000000087f00000, 0x0000000087f00000| Untracked 
|  80|0x0000000088000000, 0x0000000088000000, 0x0000000088100000|  0%| F|  |TAMS 0x0000000088000000, 0x0000000088000000| Untracked 
|  81|0x0000000088100000, 0x0000000088100000, 0x0000000088200000|  0%| F|  |TAMS 0x0000000088100000, 0x0000000088100000| Untracked 
|  82|0x0000000088200000, 0x0000000088200000, 0x0000000088300000|  0%| F|  |TAMS 0x0000000088200000, 0x0000000088200000| Untracked 
|  83|0x0000000088300000, 0x0000000088300000, 0x0000000088400000|  0%| F|  |TAMS 0x0000000088300000, 0x0000000088300000| Untracked 
|  84|0x0000000088400000, 0x0000000088400000, 0x0000000088500000|  0%| F|  |TAMS 0x0000000088400000, 0x0000000088400000| Untracked 
|  85|0x0000000088500000, 0x0000000088500000, 0x0000000088600000|  0%| F|  |TAMS 0x0000000088500000, 0x0000000088500000| Untracked 
|  86|0x0000000088600000, 0x0000000088600000, 0x0000000088700000|  0%| F|  |TAMS 0x0000000088600000, 0x0000000088600000| Untracked 
|  87|0x0000000088700000, 0x0000000088700000, 0x0000000088800000|  0%| F|  |TAMS 0x0000000088700000, 0x0000000088700000| Untracked 
|  88|0x0000000088800000, 0x0000000088800000, 0x0000000088900000|  0%| F|  |TAMS 0x0000000088800000, 0x0000000088800000| Untracked 
|  89|0x0000000088900000, 0x0000000088900000, 0x0000000088a00000|  0%| F|  |TAMS 0x0000000088900000, 0x0000000088900000| Untracked 
|  90|0x0000000088a00000, 0x0000000088a00000, 0x0000000088b00000|  0%| F|  |TAMS 0x0000000088a00000, 0x0000000088a00000| Untracked 
|  91|0x0000000088b00000, 0x0000000088b00000, 0x0000000088c00000|  0%| F|  |TAMS 0x0000000088b00000, 0x0000000088b00000| Untracked 
|  92|0x0000000088c00000, 0x0000000088c00000, 0x0000000088d00000|  0%| F|  |TAMS 0x0000000088c00000, 0x0000000088c00000| Untracked 
|  93|0x0000000088d00000, 0x0000000088d00000, 0x0000000088e00000|  0%| F|  |TAMS 0x0000000088d00000, 0x0000000088d00000| Untracked 
|  94|0x0000000088e00000, 0x0000000088e00000, 0x0000000088f00000|  0%| F|  |TAMS 0x0000000088e00000, 0x0000000088e00000| Untracked 
|  95|0x0000000088f00000, 0x0000000088f00000, 0x0000000089000000|  0%| F|  |TAMS 0x0000000088f00000, 0x0000000088f00000| Untracked 
|  96|0x0000000089000000, 0x0000000089000000, 0x0000000089100000|  0%| F|  |TAMS 0x0000000089000000, 0x0000000089000000| Untracked 
|  97|0x0000000089100000, 0x0000000089100000, 0x0000000089200000|  0%| F|  |TAMS 0x0000000089100000, 0x0000000089100000| Untracked 
|  98|0x0000000089200000, 0x0000000089200000, 0x0000000089300000|  0%| F|  |TAMS 0x0000000089200000, 0x0000000089200000| Untracked 
|  99|0x0000000089300000, 0x0000000089300000, 0x0000000089400000|  0%| F|  |TAMS 0x0000000089300000, 0x0000000089300000| Untracked 
| 100|0x0000000089400000, 0x0000000089400000, 0x0000000089500000|  0%| F|  |TAMS 0x0000000089400000, 0x0000000089400000| Untracked 
| 101|0x0000000089500000, 0x0000000089500000, 0x0000000089600000|  0%| F|  |TAMS 0x0000000089500000, 0x0000000089500000| Untracked 
| 102|0x0000000089600000, 0x0000000089600000, 0x0000000089700000|  0%| F|  |TAMS 0x0000000089600000, 0x0000000089600000| Untracked 
| 103|0x0000000089700000, 0x0000000089700000, 0x0000000089800000|  0%| F|  |TAMS 0x0000000089700000, 0x0000000089700000| Untracked 
| 104|0x0000000089800000, 0x0000000089800000, 0x0000000089900000|  0%| F|  |TAMS 0x0000000089800000, 0x0000000089800000| Untracked 
| 105|0x0000000089900000, 0x0000000089900000, 0x0000000089a00000|  0%| F|  |TAMS 0x0000000089900000, 0x0000000089900000| Untracked 
| 106|0x0000000089a00000, 0x0000000089a00000, 0x0000000089b00000|  0%| F|  |TAMS 0x0000000089a00000, 0x0000000089a00000| Untracked 
| 107|0x0000000089b00000, 0x0000000089b00000, 0x0000000089c00000|  0%| F|  |TAMS 0x0000000089b00000, 0x0000000089b00000| Untracked 
| 108|0x0000000089c00000, 0x0000000089c00000, 0x0000000089d00000|  0%| F|  |TAMS 0x0000000089c00000, 0x0000000089c00000| Untracked 
| 109|0x0000000089d00000, 0x0000000089d00000, 0x0000000089e00000|  0%| F|  |TAMS 0x0000000089d00000, 0x0000000089d00000| Untracked 
| 110|0x0000000089e00000, 0x0000000089e00000, 0x0000000089f00000|  0%| F|  |TAMS 0x0000000089e00000, 0x0000000089e00000| Untracked 
| 111|0x0000000089f00000, 0x0000000089f00000, 0x000000008a000000|  0%| F|  |TAMS 0x0000000089f00000, 0x0000000089f00000| Untracked 
| 112|0x000000008a000000, 0x000000008a000000, 0x000000008a100000|  0%| F|  |TAMS 0x000000008a000000, 0x000000008a000000| Untracked 
| 113|0x000000008a100000, 0x000000008a100000, 0x000000008a200000|  0%| F|  |TAMS 0x000000008a100000, 0x000000008a100000| Untracked 
| 114|0x000000008a200000, 0x000000008a200000, 0x000000008a300000|  0%| F|  |TAMS 0x000000008a200000, 0x000000008a200000| Untracked 
| 115|0x000000008a300000, 0x000000008a300000, 0x000000008a400000|  0%| F|  |TAMS 0x000000008a300000, 0x000000008a300000| Untracked 
| 116|0x000000008a400000, 0x000000008a400000, 0x000000008a500000|  0%| F|  |TAMS 0x000000008a400000, 0x000000008a400000| Untracked 
| 117|0x000000008a500000, 0x000000008a500000, 0x000000008a600000|  0%| F|  |TAMS 0x000000008a500000, 0x000000008a500000| Untracked 
| 118|0x000000008a600000, 0x000000008a6f02e0, 0x000000008a700000| 93%| E|  |TAMS 0x000000008a600000, 0x000000008a600000| Complete 
| 119|0x000000008a700000, 0x000000008a800000, 0x000000008a800000|100%| E|CS|TAMS 0x000000008a700000, 0x000000008a700000| Complete 
| 120|0x000000008a800000, 0x000000008a900000, 0x000000008a900000|100%| E|CS|TAMS 0x000000008a800000, 0x000000008a800000| Complete 
| 121|0x000000008a900000, 0x000000008aa00000, 0x000000008aa00000|100%| E|CS|TAMS 0x000000008a900000, 0x000000008a900000| Complete 
| 122|0x000000008aa00000, 0x000000008ab00000, 0x000000008ab00000|100%| E|CS|TAMS 0x000000008aa00000, 0x000000008aa00000| Complete 
| 123|0x000000008ab00000, 0x000000008ac00000, 0x000000008ac00000|100%| E|  |TAMS 0x000000008ab00000, 0x000000008ab00000| Complete 
| 124|0x000000008ac00000, 0x000000008ad00000, 0x000000008ad00000|100%| E|CS|TAMS 0x000000008ac00000, 0x000000008ac00000| Complete 
| 125|0x000000008ad00000, 0x000000008ae00000, 0x000000008ae00000|100%| E|CS|TAMS 0x000000008ad00000, 0x000000008ad00000| Complete 

Card table byte_map: [0x000001626e6f0000,0x000001626eae0000] _byte_map_base: 0x000001626e2d8000

Marking Bits (Prev, Next): (CMBitMap*) 0x00000162599541a0, (CMBitMap*) 0x00000162599541e0
 Prev Bits: [0x000001626eed0000, 0x0000016270e10000)
 Next Bits: [0x0000016270e10000, 0x0000016272d50000)

Polling page: 0x00000162599f0000

Metaspace:

Usage:
  Non-class:      8.39 MB used.
      Class:    798.15 KB used.
       Both:      9.17 MB used.

Virtual space:
  Non-class space:       16.00 MB reserved,       8.44 MB ( 53%) committed,  2 nodes.
      Class space:        1.00 GB reserved,     896.00 KB ( <1%) committed,  1 nodes.
              Both:        1.02 GB reserved,       9.31 MB ( <1%) committed. 

Chunk freelists:
   Non-Class:  2.75 MB
       Class:  3.10 MB
        Both:  5.85 MB

MaxMetaspaceSize: 17179869184.00 GB
CompressedClassSpaceSize: 1.00 GB
 - commit_granule_bytes: 65536.
 - commit_granule_words: 8192.
 - virtual_space_node_default_size: 1048576.
 - enlarge_chunks_in_place: 1.
 - new_chunks_are_fully_committed: 0.
 - uncommit_free_chunks: 1.
 - use_allocation_guard: 0.
 - handle_deallocations: 1.


Internal statistics:

num_allocs_failed_limit: 0.
num_arena_births: 10.
num_arena_deaths: 0.
num_vsnodes_births: 3.
num_vsnodes_deaths: 0.
num_space_committed: 149.
num_space_uncommitted: 0.
num_chunks_returned_to_freelist: 0.
num_chunks_taken_from_freelist: 49.
num_chunk_merges: 0.
num_chunk_splits: 19.
num_chunks_enlarged: 13.
num_purges: 0.

CodeHeap 'non-profiled nmethods': size=120000Kb used=163Kb max_used=163Kb free=119836Kb
 bounds [0x0000016266130000, 0x00000162663a0000, 0x000001626d660000]
CodeHeap 'profiled nmethods': size=120000Kb used=661Kb max_used=661Kb free=119338Kb
 bounds [0x000001625ec00000, 0x000001625ee70000, 0x0000016266130000]
CodeHeap 'non-nmethods': size=5760Kb used=1197Kb max_used=1215Kb free=4562Kb
 bounds [0x000001625e660000, 0x000001625e8d0000, 0x000001625ec00000]
 total_blobs=884 nmethods=481 adapters=316
 compilation: enabled
              stopped_count=0, restarted_count=0
 full_count=0

Compilation events (20 events):
Event: 0.340 Thread 0x0000016276429fa0  473       3       java.lang.Float::isNaN (12 bytes)
Event: 0.340 Thread 0x0000016276429fa0 nmethod 473 0x000001625eca0190 code [0x000001625eca0320, 0x000001625eca0498]
Event: 0.340 Thread 0x0000016276429fa0  472       1       jdk.internal.loader.URLClassPath$Loader::getBaseURL (5 bytes)
Event: 0.340 Thread 0x0000016276429fa0 nmethod 472 0x0000016266158810 code [0x00000162661589a0, 0x0000016266158a78]
Event: 0.340 Thread 0x0000016276429fa0  474       3       sun.security.x509.X509CertImpl::getEncodedInternal (20 bytes)
Event: 0.340 Thread 0x0000016276429fa0 nmethod 474 0x000001625eca0510 code [0x000001625eca0700, 0x000001625eca0c38]
Event: 0.340 Thread 0x0000016276429fa0  475   !   3       java.security.cert.Certificate::equals (38 bytes)
Event: 0.340 Thread 0x0000016276429fa0 nmethod 475 0x000001625eca0d90 code [0x000001625eca1020, 0x000001625eca1d88]
Event: 0.341 Thread 0x0000016276429fa0  476   !   3       java.util.zip.Inflater::inflate (418 bytes)
Event: 0.341 Thread 0x0000016276429fa0 nmethod 476 0x000001625eca2210 code [0x000001625eca24e0, 0x000001625eca3648]
Event: 0.341 Thread 0x0000016276429fa0  478       3       java.lang.StringConcatHelper::stringOf (20 bytes)
Event: 0.341 Thread 0x0000016276429fa0 nmethod 478 0x000001625eca4110 code [0x000001625eca42c0, 0x000001625eca4508]
Event: 0.341 Thread 0x0000016276429fa0  479       3       java.lang.StringConcatHelper::mix (27 bytes)
Event: 0.341 Thread 0x0000016276429fa0 nmethod 479 0x000001625eca4610 code [0x000001625eca4800, 0x000001625eca4c28]
Event: 848.650 Thread 0x0000016276429fa0  480       3       org.eclipse.jdt.launching.internal.org.objectweb.asm.ClassReader::readUnsignedShort (26 bytes)
Event: 848.650 Thread 0x0000016276429fa0 nmethod 480 0x000001625eca4e10 code [0x000001625eca4fc0, 0x000001625eca5138]
Event: 1255.337 Thread 0x0000016276429fa0  481       3       org.eclipse.jdt.launching.internal.org.objectweb.asm.ClassReader::readUtf (44 bytes)
Event: 1255.339 Thread 0x0000016276429fa0 

Event: 2241.614 Thread 0x0000016276429fa0  482       3       org.eclipse.jdt.launching.internal.org.objectweb.asm.ClassReader::getItem (7 bytes)
Event: 2241.614 Thread 0x0000016276429fa0 nmethod 482 0x000001625eca5210 code [0x000001625eca53a0, 0x000001625eca54d8]

GC Heap History (0 events):
No events

Deoptimization events (20 events):
Event: 0.330 Thread 0x0000016259913fd0 DEOPT PACKING pc=0x000001625ec8445b sp=0x0000004e09ef7d20
Event: 0.330 Thread 0x0000016259913fd0 DEOPT UNPACKING pc=0x000001625e6adece sp=0x0000004e09ef7188 mode 0
Event: 0.331 Thread 0x0000016259913fd0 DEOPT PACKING pc=0x000001625ec8445b sp=0x0000004e09ef7d20
Event: 0.331 Thread 0x0000016259913fd0 DEOPT UNPACKING pc=0x000001625e6adece sp=0x0000004e09ef7188 mode 0
Event: 0.332 Thread 0x0000016259913fd0 DEOPT PACKING pc=0x000001625ec8445b sp=0x0000004e09ef7d20
Event: 0.332 Thread 0x0000016259913fd0 DEOPT UNPACKING pc=0x000001625e6adece sp=0x0000004e09ef7188 mode 0
Event: 0.332 Thread 0x0000016259913fd0 DEOPT PACKING pc=0x000001625ec8445b sp=0x0000004e09ef7d20
Event: 0.332 Thread 0x0000016259913fd0 DEOPT UNPACKING pc=0x000001625e6adece sp=0x0000004e09ef7188 mode 0
Event: 0.332 Thread 0x0000016259913fd0 DEOPT PACKING pc=0x000001625ec8445b sp=0x0000004e09ef7d20
Event: 0.332 Thread 0x0000016259913fd0 DEOPT UNPACKING pc=0x000001625e6adece sp=0x0000004e09ef7188 mode 0
Event: 0.332 Thread 0x0000016259913fd0 DEOPT PACKING pc=0x000001625ec8445b sp=0x0000004e09ef7d20
Event: 0.332 Thread 0x0000016259913fd0 DEOPT UNPACKING pc=0x000001625e6adece sp=0x0000004e09ef7188 mode 0
Event: 0.334 Thread 0x0000016259913fd0 DEOPT PACKING pc=0x000001625ec8445b sp=0x0000004e09efb750
Event: 0.334 Thread 0x0000016259913fd0 DEOPT UNPACKING pc=0x000001625e6adece sp=0x0000004e09efabb8 mode 0
Event: 0.335 Thread 0x0000016259913fd0 DEOPT PACKING pc=0x000001625ec8445b sp=0x0000004e09efb750
Event: 0.335 Thread 0x0000016259913fd0 DEOPT UNPACKING pc=0x000001625e6adece sp=0x0000004e09efabb8 mode 0
Event: 0.335 Thread 0x0000016259913fd0 DEOPT PACKING pc=0x000001625ec8445b sp=0x0000004e09efb750
Event: 0.335 Thread 0x0000016259913fd0 DEOPT UNPACKING pc=0x000001625e6adece sp=0x0000004e09efabb8 mode 0
Event: 0.335 Thread 0x0000016259913fd0 DEOPT PACKING pc=0x000001625ec8445b sp=0x0000004e09efb750
Event: 0.335 Thread 0x0000016259913fd0 DEOPT UNPACKING pc=0x000001625e6adece sp=0x0000004e09efabb8 mode 0

Classes unloaded (0 events):
No events

Classes redefined (3 events):
Event: 848.651 Thread 0x0000016275a3c2b0 redefined class name=com.java.basic.loops, count=1
Event: 1163.702 Thread 0x0000016275a3c2b0 redefined class name=com.java.basic.loops, count=2
Event: 1255.337 Thread 0x0000016275a3c2b0 redefined class name=com.java.basic.loops, count=3

Internal exceptions (1 events):
Event: 0.316 Thread 0x0000016259913fd0 Exception <a 'java/lang/NoSuchMethodError'{0x000000008a7ea8d8}: 'java.lang.Object java.lang.invoke.DirectMethodHandle$Holder.invokeStatic(java.lang.Object)'> (0x000000008a7ea8d8) 
thrown [t:\workspace\open\src\hotspot\share\interpreter\linkResolver.cpp, line 790]

Events (20 events):
Event: 5.350 Thread 0x00000162766c75c0 Thread exited: 0x00000162766c75c0
Event: 848.650 Executing  VM operation: RedefineClasses
Event: 848.653 Executing  VM operation: RedefineClasses done
Event: 848.657 Executing  VM operation: ChangeBreakpoints
Event: 848.658 Executing  VM operation: ChangeBreakpoints done
Event: 848.658 Executing  VM operation: ChangeBreakpoints
Event: 848.658 Executing  VM operation: ChangeBreakpoints done
Event: 1163.702 Executing  VM operation: RedefineClasses
Event: 1163.704 Executing  VM operation: RedefineClasses done
Event: 1255.337 Executing  VM operation: RedefineClasses
Event: 1255.339 Executing  VM operation: RedefineClasses done
Event: 1255.340 Executing  VM operation: ChangeBreakpoints
Event: 1255.340 Executing  VM operation: ChangeBreakpoints done
Event: 1255.340 Executing  VM operation: ChangeBreakpoints
Event: 1255.340 Executing  VM operation: ChangeBreakpoints done
Event: 1255.342 Executing  VM operation: ChangeBreakpoints
Event: 1255.343 Executing  VM operation: ChangeBreakpoints done
Event: 1255.343 Executing  VM operation: ChangeBreakpoints
Event: 1255.343 Executing  VM operation: ChangeBreakpoints done
Event: 2241.614 Executing  VM operation: RedefineClasses


Dynamic libraries:
0x00007ff774cc0000 - 0x00007ff774cce000 	C:\Aplicaciones\eclipse-java-2021-09-R-win32-x86_64\eclipse\plugins\org.eclipse.justj.openjdk.hotspot.jre.full.win32.x86_64_16.0.2.v20210721-1149\jre\bin\javaw.exe
0x00007ffa17750000 - 0x00007ffa17945000 	C:\windows\SYSTEM32\ntdll.dll
0x00007ffa16430000 - 0x00007ffa164ee000 	C:\windows\System32\KERNEL32.DLL
0x00007ffa15290000 - 0x00007ffa15558000 	C:\windows\System32\KERNELBASE.dll
0x00007ffa150e0000 - 0x00007ffa151e0000 	C:\windows\System32\ucrtbase.dll
0x00007ffa0ee40000 - 0x00007ffa0ee58000 	C:\Aplicaciones\eclipse-java-2021-09-R-win32-x86_64\eclipse\plugins\org.eclipse.justj.openjdk.hotspot.jre.full.win32.x86_64_16.0.2.v20210721-1149\jre\bin\jli.dll
0x00007ffa0eab0000 - 0x00007ffa0eac9000 	C:\Aplicaciones\eclipse-java-2021-09-R-win32-x86_64\eclipse\plugins\org.eclipse.justj.openjdk.hotspot.jre.full.win32.x86_64_16.0.2.v20210721-1149\jre\bin\VCRUNTIME140.dll
0x00007ffa171a0000 - 0x00007ffa17341000 	C:\windows\System32\USER32.dll
0x00007ffa14f80000 - 0x00007ffa14fa2000 	C:\windows\System32\win32u.dll
0x00007ffa15f80000 - 0x00007ffa15fab000 	C:\windows\System32\GDI32.dll
0x00007ff9f82b0000 - 0x00007ff9f854a000 	C:\windows\WinSxS\amd64_microsoft.windows.common-controls_6595b64144ccf1df_6.0.19041.1110_none_60b5254171f9507e\COMCTL32.dll
0x00007ffa14e70000 - 0x00007ffa14f7b000 	C:\windows\System32\gdi32full.dll
0x00007ffa157a0000 - 0x00007ffa1583e000 	C:\windows\System32\msvcrt.dll
0x00007ffa15040000 - 0x00007ffa150dd000 	C:\windows\System32\msvcp_win.dll
0x00007ffa164f0000 - 0x00007ffa16520000 	C:\windows\System32\IMM32.DLL
0x00007ffa109d0000 - 0x00007ffa109dc000 	C:\Aplicaciones\eclipse-java-2021-09-R-win32-x86_64\eclipse\plugins\org.eclipse.justj.openjdk.hotspot.jre.full.win32.x86_64_16.0.2.v20210721-1149\jre\bin\vcruntime140_1.dll
0x00007ff9d9af0000 - 0x00007ff9d9b81000 	C:\Aplicaciones\eclipse-java-2021-09-R-win32-x86_64\eclipse\plugins\org.eclipse.justj.openjdk.hotspot.jre.full.win32.x86_64_16.0.2.v20210721-1149\jre\bin\msvcp140.dll
0x00007ff9a9070000 - 0x00007ff9a9c1b000 	C:\Aplicaciones\eclipse-java-2021-09-R-win32-x86_64\eclipse\plugins\org.eclipse.justj.openjdk.hotspot.jre.full.win32.x86_64_16.0.2.v20210721-1149\jre\bin\server\jvm.dll
0x00007ffa15ed0000 - 0x00007ffa15f7c000 	C:\windows\System32\ADVAPI32.dll
0x00007ffa17350000 - 0x00007ffa173eb000 	C:\windows\System32\sechost.dll
0x00007ffa175d0000 - 0x00007ffa176fa000 	C:\windows\System32\RPCRT4.dll
0x00007ffa17700000 - 0x00007ffa17708000 	C:\windows\System32\PSAPI.DLL
0x00007ff9fa3e0000 - 0x00007ff9fa407000 	C:\windows\SYSTEM32\WINMM.dll
0x00007ffa0d760000 - 0x00007ffa0d76a000 	C:\windows\SYSTEM32\VERSION.dll
0x00007ff9f9480000 - 0x00007ff9f9489000 	C:\windows\SYSTEM32\WSOCK32.dll
0x00007ffa163c0000 - 0x00007ffa1642b000 	C:\windows\System32\WS2_32.dll
0x00007ffa13720000 - 0x00007ffa13732000 	C:\windows\SYSTEM32\kernel.appcore.dll
0x00007ff9ede00000 - 0x00007ff9ede0a000 	C:\Aplicaciones\eclipse-java-2021-09-R-win32-x86_64\eclipse\plugins\org.eclipse.justj.openjdk.hotspot.jre.full.win32.x86_64_16.0.2.v20210721-1149\jre\bin\jimage.dll
0x00007ffa13400000 - 0x00007ffa135e4000 	C:\windows\SYSTEM32\DBGHELP.DLL
0x00007ff9fae90000 - 0x00007ff9faebc000 	C:\windows\SYSTEM32\dbgcore.DLL
0x00007ffa15710000 - 0x00007ffa15793000 	C:\windows\System32\bcryptPrimitives.dll
0x00007ff9f7980000 - 0x00007ff9f79bb000 	C:\Aplicaciones\eclipse-java-2021-09-R-win32-x86_64\eclipse\plugins\org.eclipse.justj.openjdk.hotspot.jre.full.win32.x86_64_16.0.2.v20210721-1149\jre\bin\jdwp.dll
0x00007ffa10820000 - 0x00007ffa1082e000 	C:\Aplicaciones\eclipse-java-2021-09-R-win32-x86_64\eclipse\plugins\org.eclipse.justj.openjdk.hotspot.jre.full.win32.x86_64_16.0.2.v20210721-1149\jre\bin\instrument.dll
0x00007ff9dc0c0000 - 0x00007ff9dc0e5000 	C:\Aplicaciones\eclipse-java-2021-09-R-win32-x86_64\eclipse\plugins\org.eclipse.justj.openjdk.hotspot.jre.full.win32.x86_64_16.0.2.v20210721-1149\jre\bin\java.dll
0x00007ff9dbdd0000 - 0x00007ff9dbde8000 	C:\Aplicaciones\eclipse-java-2021-09-R-win32-x86_64\eclipse\plugins\org.eclipse.justj.openjdk.hotspot.jre.full.win32.x86_64_16.0.2.v20210721-1149\jre\bin\zip.dll
0x00007ffa16a60000 - 0x00007ffa1719f000 	C:\windows\System32\SHELL32.dll
0x00007ffa12c70000 - 0x00007ffa13400000 	C:\windows\SYSTEM32\windows.storage.dll
0x00007ffa15840000 - 0x00007ffa15b95000 	C:\windows\System32\combase.dll
0x00007ffa148c0000 - 0x00007ffa148ee000 	C:\windows\SYSTEM32\Wldp.dll
0x00007ffa15fb0000 - 0x00007ffa1605d000 	C:\windows\System32\SHCORE.dll
0x00007ffa17570000 - 0x00007ffa175c5000 	C:\windows\System32\shlwapi.dll
0x00007ffa14db0000 - 0x00007ffa14dcf000 	C:\windows\SYSTEM32\profapi.dll
0x00007ffa0e780000 - 0x00007ffa0e78c000 	C:\Aplicaciones\eclipse-java-2021-09-R-win32-x86_64\eclipse\plugins\org.eclipse.justj.openjdk.hotspot.jre.full.win32.x86_64_16.0.2.v20210721-1149\jre\bin\dt_socket.dll
0x00007ffa142c0000 - 0x00007ffa142fb000 	C:\windows\SYSTEM32\IPHLPAPI.DLL
0x00007ffa14620000 - 0x00007ffa1468a000 	C:\windows\system32\mswsock.dll
0x00007ffa14310000 - 0x00007ffa143db000 	C:\windows\SYSTEM32\DNSAPI.dll
0x00007ffa15c90000 - 0x00007ffa15c98000 	C:\windows\System32\NSI.dll
0x00007ff9fcc50000 - 0x00007ff9fcc5a000 	C:\Windows\System32\rasadhlp.dll
0x00007ff9fd050000 - 0x00007ff9fd0cf000 	C:\windows\System32\fwpuclnt.dll
0x00007ffa15010000 - 0x00007ffa15037000 	C:\windows\System32\bcrypt.dll
0x00007ff9dbdb0000 - 0x00007ff9dbdc9000 	C:\Aplicaciones\eclipse-java-2021-09-R-win32-x86_64\eclipse\plugins\org.eclipse.justj.openjdk.hotspot.jre.full.win32.x86_64_16.0.2.v20210721-1149\jre\bin\net.dll
0x00007ff9fdb20000 - 0x00007ff9fdc2c000 	C:\windows\SYSTEM32\WINHTTP.dll
0x00007ff9dbd90000 - 0x00007ff9dbda3000 	C:\Aplicaciones\eclipse-java-2021-09-R-win32-x86_64\eclipse\plugins\org.eclipse.justj.openjdk.hotspot.jre.full.win32.x86_64_16.0.2.v20210721-1149\jre\bin\nio.dll
0x00007ff9ea050000 - 0x00007ff9ea060000 	C:\Aplicaciones\eclipse-java-2021-09-R-win32-x86_64\eclipse\plugins\org.eclipse.justj.openjdk.hotspot.jre.full.win32.x86_64_16.0.2.v20210721-1149\jre\bin\verify.dll

dbghelp: loaded successfully - version: 4.0.5 - missing functions: none
symbol engine: initialized successfully - sym options: 0x614 - pdb path: .;C:\Aplicaciones\eclipse-java-2021-09-R-win32-x86_64\eclipse\plugins\org.eclipse.justj.openjdk.hotspot.jre.full.win32.x86_64_16.0.2.v20210721-1149\jre\bin;C:\windows\SYSTEM32;C:\windows\WinSxS\amd64_microsoft.windows.common-controls_6595b64144ccf1df_6.0.19041.1110_none_60b5254171f9507e;C:\Aplicaciones\eclipse-java-2021-09-R-win32-x86_64\eclipse\plugins\org.eclipse.justj.openjdk.hotspot.jre.full.win32.x86_64_16.0.2.v20210721-1149\jre\bin\server

VM Arguments:
jvm_args: -XX:+ShowCodeDetailsInExceptionMessages -agentlib:jdwp=transport=dt_socket,suspend=y,address=localhost:54955 -javaagent:C:\Aplicaciones\eclipse-java-2021-09-R-win32-x86_64\eclipse\configuration\org.eclipse.osgi\222\0\.cp\lib\javaagent-shaded.jar -Dfile.encoding=Cp1252 
java_command: com.java.basic.loops
java_class_path (initial): D:\Proyectos\SELENIUMOCT2021\target\test-classes;D:\Proyectos\SELENIUMOCT2021\target\classes;C:\Users\Angel\.m2\repository\org\seleniumhq\selenium\selenium-java\3.141.59\selenium-java-3.141.59.jar;C:\Users\Angel\.m2\repository\org\seleniumhq\selenium\selenium-api\3.141.59\selenium-api-3.141.59.jar;C:\Users\Angel\.m2\repository\org\seleniumhq\selenium\selenium-edge-driver\3.141.59\selenium-edge-driver-3.141.59.jar;C:\Users\Angel\.m2\repository\org\seleniumhq\selenium\selenium-firefox-driver\3.141.59\selenium-firefox-driver-3.141.59.jar;C:\Users\Angel\.m2\repository\org\seleniumhq\selenium\selenium-ie-driver\3.141.59\selenium-ie-driver-3.141.59.jar;C:\Users\Angel\.m2\repository\org\seleniumhq\selenium\selenium-opera-driver\3.141.59\selenium-opera-driver-3.141.59.jar;C:\Users\Angel\.m2\repository\org\seleniumhq\selenium\selenium-remote-driver\3.141.59\selenium-remote-driver-3.141.59.jar;C:\Users\Angel\.m2\repository\org\seleniumhq\selenium\selenium-safari-driver\3.141.59\selenium-safari-driver-3.141.59.jar;C:\Users\Angel\.m2\repository\org\seleniumhq\selenium\selenium-support\3.141.59\selenium-support-3.141.59.jar;C:\Users\Angel\.m2\repository\net\bytebuddy\byte-buddy\1.8.15\byte-buddy-1.8.15.jar;C:\Users\Angel\.m2\repository\org\apache\commons\commons-exec\1.3\commons-exec-1.3.jar;C:\Users\Angel\.m2\repository\com\google\guava\guava\25.0-jre\guava-25.0-jre.jar;C:\Users\Angel\.m2\repository\com\google\code\findbugs\jsr305\1.3.9\jsr305-1.3.9.jar;C:\Users\Angel\.m2\repository\org\checkerframework\checker-compat-qual\2.0.0\checker-compat-qual-2.0.0.jar;C:\Users\Angel\.m2\repository\com\google\errorprone\error_prone_annotations\2.1.3\error_prone_annotations-2.1.3.jar;C:\Users\Angel\.m2\repository\com\google\j2objc\j2objc-annotations\1.1\j2objc-annotations-1.1.jar;C:\Users\Angel\.m2\repository\org\codehaus\mojo\animal-sniffer-annotations\1.14\animal-sniffer-annotations-1.14.jar;C:\Users\Angel\.m2\repository\com\squareup\okhttp3\okhttp\3.11.0\okh
Launcher Type: SUN_STANDARD

[Global flags]
     intx CICompilerCount                          = 4                                         {product} {ergonomic}
     uint ConcGCThreads                            = 3                                         {product} {ergonomic}
     uint G1ConcRefinementThreads                  = 10                                        {product} {ergonomic}
   size_t G1HeapRegionSize                         = 1048576                                   {product} {ergonomic}
    uintx GCDrainStackTargetSize                   = 64                                        {product} {ergonomic}
   size_t InitialHeapSize                          = 132120576                                 {product} {ergonomic}
   size_t MarkStackSize                            = 4194304                                   {product} {ergonomic}
   size_t MaxHeapSize                              = 2097152000                                {product} {ergonomic}
   size_t MaxNewSize                               = 1258291200                                {product} {ergonomic}
   size_t MinHeapDeltaBytes                        = 1048576                                   {product} {ergonomic}
   size_t MinHeapSize                              = 8388608                                   {product} {ergonomic}
    uintx NonNMethodCodeHeapSize                   = 5839372                                {pd product} {ergonomic}
    uintx NonProfiledCodeHeapSize                  = 122909434                              {pd product} {ergonomic}
    uintx ProfiledCodeHeapSize                     = 122909434                              {pd product} {ergonomic}
    uintx ReservedCodeCacheSize                    = 251658240                              {pd product} {ergonomic}
     bool SegmentedCodeCache                       = true                                      {product} {ergonomic}
     bool ShowCodeDetailsInExceptionMessages       = true                                   {manageable} {command line}
   size_t SoftMaxHeapSize                          = 2097152000                             {manageable} {ergonomic}
     bool UseCompressedClassPointers               = true                           {product lp64_product} {ergonomic}
     bool UseCompressedOops                        = true                           {product lp64_product} {ergonomic}
     bool UseG1GC                                  = true                                      {product} {ergonomic}
     bool UseLargePagesIndividualAllocation        = false                                  {pd product} {ergonomic}

Logging:
Log output configuration:
 #0: stdout all=warning uptime,level,tags
 #1: stderr all=off uptime,level,tags

Environment Variables:
JAVA_HOME=C:\Program Files\Java\jdk-11.0.12
PATH=C:\Aplicaciones\eclipse-java-2021-09-R-win32-x86_64\eclipse\plugins\org.eclipse.justj.openjdk.hotspot.jre.full.win32.x86_64_16.0.2.v20210721-1149\jre\bin;C:/Aplicaciones/eclipse-java-2021-09-R-win32-x86_64/eclipse//plugins/org.eclipse.justj.openjdk.hotspot.jre.full.win32.x86_64_16.0.2.v20210721-1149/jre/bin/server;C:/Aplicaciones/eclipse-java-2021-09-R-win32-x86_64/eclipse//plugins/org.eclipse.justj.openjdk.hotspot.jre.full.win32.x86_64_16.0.2.v20210721-1149/jre/bin;C:\Program Files\Common Files\Oracle\Java\javapath;C:\windows\system32;C:\windows;C:\windows\System32\Wbem;C:\windows\System32\WindowsPowerShell\v1.0\;C:\windows\System32\OpenSSH\;C:\Program Files (x86)\NVIDIA Corporation\PhysX\Common;C:\Program Files\NVIDIA Corporation\NVIDIA NvDLISR;C:\Program Files\Java\jdk-11.0.12\bin;C:\Aplicaciones\apache-maven-3.8.3-bin\apache-maven-3.8.3\bin;C:\Users\Angel\AppData\Local\Microsoft\WindowsApps;;C:\Aplicaciones\eclipse-java-2021-09-R-win32-x86_64\eclipse;
USERNAME=Angel
OS=Windows_NT
PROCESSOR_IDENTIFIER=Intel64 Family 6 Model 165 Stepping 2, GenuineIntel



---------------  S Y S T E M  ---------------

OS:
 Windows 10 , 64 bit Build 19041 (10.0.19041.1320)
OS uptime: 4 days 3:35 hours

CPU: total 12 (initial active 12) (6 cores per cpu, 2 threads per core) family 6 model 165 stepping 2 microcode 0xe0, cx8, cmov, fxsr, ht, mmx, 3dnowpref, sse, sse2, sse3, ssse3, sse4.1, sse4.2, popcnt, lzcnt, tsc, tscinvbit, avx, avx2, aes, erms, clmul, bmi1, bmi2, adx, fma, vzeroupper, clflush, clflushopt

Memory: 4k page, system-wide physical 7993M (1468M free)
TotalPageFile size 13694M (AvailPageFile size 2928M)
current process WorkingSet (physical memory assigned to process): 48M, peak: 50M
current process commit charge ("private bytes"): 213M, peak: 216M

vm_info: OpenJDK 64-Bit Server VM (16.0.2+7-67) for windows-amd64 JRE (16.0.2+7-67), built on Jun  8 2021 23:21:43 by "mach5one" with MS VC++ 16.7 (VS2019)

END.
